Using pre-set license
Built from '2022.3/release' branch; Version is '2022.3.12f1 (4fe6e059c7ef) revision 5236448'; Using compiler version '192829333'; Build Type 'Release'
OS: 'Windows 11  (10.0.22621) 64bit Core' Language: 'en' Physical Memory: 15791 MB
BatchMode: 1, IsHumanControllingUs: 0, StartBugReporterOnCrash: 0, Is64bit: 1, IsPro: 1

COMMAND LINE ARGUMENTS:
C:\Program Files\Unity\Hub\Editor\2022.3.12f1-x86_64\Editor\Unity.exe
-adb2
-batchMode
-noUpm
-name
AssetImportWorker3
-projectPath
C:/Users/conno/ThisWorks
-logFile
Logs/AssetImportWorker3.log
-srvPort
51838
Successfully changed project path to: C:/Users/conno/ThisWorks
C:/Users/conno/ThisWorks
[UnityMemory] Configuration Parameters - Can be set up in boot.config
    "memorysetup-bucket-allocator-granularity=16"
    "memorysetup-bucket-allocator-bucket-count=8"
    "memorysetup-bucket-allocator-block-size=33554432"
    "memorysetup-bucket-allocator-block-count=8"
    "memorysetup-main-allocator-block-size=16777216"
    "memorysetup-thread-allocator-block-size=16777216"
    "memorysetup-gfx-main-allocator-block-size=16777216"
    "memorysetup-gfx-thread-allocator-block-size=16777216"
    "memorysetup-cache-allocator-block-size=4194304"
    "memorysetup-typetree-allocator-block-size=2097152"
    "memorysetup-profiler-bucket-allocator-granularity=16"
    "memorysetup-profiler-bucket-allocator-bucket-count=8"
    "memorysetup-profiler-bucket-allocator-block-size=33554432"
    "memorysetup-profiler-bucket-allocator-block-count=8"
    "memorysetup-profiler-allocator-block-size=16777216"
    "memorysetup-profiler-editor-allocator-block-size=1048576"
    "memorysetup-temp-allocator-size-main=16777216"
    "memorysetup-job-temp-allocator-block-size=2097152"
    "memorysetup-job-temp-allocator-block-size-background=1048576"
    "memorysetup-job-temp-allocator-reduction-small-platforms=262144"
    "memorysetup-allocator-temp-initial-block-size-main=262144"
    "memorysetup-allocator-temp-initial-block-size-worker=262144"
    "memorysetup-temp-allocator-size-background-worker=32768"
    "memorysetup-temp-allocator-size-job-worker=262144"
    "memorysetup-temp-allocator-size-preload-manager=33554432"
    "memorysetup-temp-allocator-size-nav-mesh-worker=65536"
    "memorysetup-temp-allocator-size-audio-worker=65536"
    "memorysetup-temp-allocator-size-cloud-worker=32768"
    "memorysetup-temp-allocator-size-gi-baking-worker=262144"
    "memorysetup-temp-allocator-size-gfx=262144"
Player connection [36628] Host "[IP] 192.168.1.122 [Port] 0 [Flags] 2 [Guid] 4109350452 [EditorId] 4109350452 [Version] 1048832 [Id] WindowsEditor(7,ConnorLaptop) [Debug] 1 [PackageName] WindowsEditor [ProjectName] Editor" joined multi-casting on [225.0.0.222:54997]...

Player connection [36628] Host "[IP] 192.168.1.122 [Port] 0 [Flags] 2 [Guid] 4109350452 [EditorId] 4109350452 [Version] 1048832 [Id] WindowsEditor(7,ConnorLaptop) [Debug] 1 [PackageName] WindowsEditor [ProjectName] Editor" joined alternative multi-casting on [225.0.0.222:34997]...

[Physics::Module] Initialized MultithreadedJobDispatcher with 15 workers.
Refreshing native plugins compatible for Editor in 24.84 ms, found 16 plugins.
Preloading 0 native plugins for Editor in 0.00 ms.
Initialize engine version: 2022.3.12f1 (4fe6e059c7ef)
[Subsystems] Discovering subsystems at path C:/Program Files/Unity/Hub/Editor/2022.3.12f1-x86_64/Editor/Data/Resources/UnitySubsystems
[Subsystems] Discovering subsystems at path C:/Users/conno/ThisWorks/Assets
GfxDevice: creating device client; threaded=0; jobified=0
Direct3D:
    Version:  Direct3D 11.0 [level 11.1]
    Renderer: NVIDIA GeForce RTX 3080 Laptop GPU (ID=0x249c)
    Vendor:   NVIDIA
    VRAM:     8032 MB
    Driver:   31.0.15.4601
Initialize mono
Mono path[0] = 'C:/Program Files/Unity/Hub/Editor/2022.3.12f1-x86_64/Editor/Data/Managed'
Mono path[1] = 'C:/Program Files/Unity/Hub/Editor/2022.3.12f1-x86_64/Editor/Data/MonoBleedingEdge/lib/mono/unityjit-win32'
Mono config path = 'C:/Program Files/Unity/Hub/Editor/2022.3.12f1-x86_64/Editor/Data/MonoBleedingEdge/etc'
Using monoOptions --debugger-agent=transport=dt_socket,embedding=1,server=y,suspend=n,address=127.0.0.1:56536
Begin MonoManager ReloadAssembly
Registering precompiled unity dll's ...
Register platform support module: C:/Program Files/Unity/Hub/Editor/2022.3.12f1-x86_64/Editor/Data/PlaybackEngines/WindowsStandaloneSupport/UnityEditor.WindowsStandalone.Extensions.dll
Registered in 0.007876 seconds.
- Loaded All Assemblies, in  0.361 seconds
Native extension for WindowsStandalone target not found
Mono: successfully reloaded assembly
- Finished resetting the current domain, in  0.302 seconds
Domain Reload Profiling: 662ms
	BeginReloadAssembly (118ms)
		ExecutionOrderSort (0ms)
		DisableScriptedObjects (0ms)
		BackupInstance (0ms)
		ReleaseScriptingObjects (0ms)
		CreateAndSetChildDomain (1ms)
	RebuildCommonClasses (33ms)
	RebuildNativeTypeToScriptingClass (9ms)
	initialDomainReloadingComplete (56ms)
	LoadAllAssembliesAndSetupDomain (144ms)
		LoadAssemblies (115ms)
		RebuildTransferFunctionScriptingTraits (0ms)
		AnalyzeDomain (142ms)
			TypeCache.Refresh (140ms)
				TypeCache.ScanAssembly (125ms)
			ScanForSourceGeneratedMonoScriptInfo (0ms)
			ResolveRequiredComponents (0ms)
	FinalizeReload (303ms)
		ReleaseScriptCaches (0ms)
		RebuildScriptCaches (0ms)
		SetupLoadedEditorAssemblies (223ms)
			LogAssemblyErrors (0ms)
			InitializePlatformSupportModulesInManaged (11ms)
			SetLoadedEditorAssemblies (7ms)
			RefreshPlugins (0ms)
			BeforeProcessingInitializeOnLoad (2ms)
			ProcessInitializeOnLoadAttributes (148ms)
			ProcessInitializeOnLoadMethodAttributes (54ms)
			AfterProcessingInitializeOnLoad (0ms)
			EditorAssembliesLoaded (0ms)
		ExecutionOrderSort2 (0ms)
		AwakeInstancesAfterBackupRestoration (0ms)
========================================================================
Worker process is ready to serve import requests
Begin MonoManager ReloadAssembly
- Loaded All Assemblies, in  0.979 seconds
Refreshing native plugins compatible for Editor in 22.63 ms, found 16 plugins.
Native extension for WindowsStandalone target not found
Package Manager log level set to [2]
[Package Manager] Server::EnsureServerProcessIsRunning -- launch failed, reason: Unity was launched with the -noUpm command-line argument
[Package Manager] UpmClient::Send -- Unable to send message (not connected to UPM process).
[Package Manager] Cannot connect to Unity Package Manager local server
[Package Manager] Server::EnsureServerProcessIsRunning -- launch failed, reason: Unity was launched with the -noUpm command-line argument
[Package Manager] UpmClient::Send -- Unable to send message (not connected to UPM process).
[Package Manager] Cannot connect to Unity Package Manager local server
Mono: successfully reloaded assembly
[Package Manager] Server::EnsureServerProcessIsRunning -- launch failed, reason: Unity was launched with the -noUpm command-line argument
[Package Manager] UpmClient::Send -- Unable to send message (not connected to UPM process).
[Package Manager] Cannot connect to Unity Package Manager local server
[Package Manager] Server::EnsureServerProcessIsRunning -- launch failed, reason: Unity was launched with the -noUpm command-line argument
[Package Manager] UpmClient::Send -- Unable to send message (not connected to UPM process).
[Package Manager] Cannot connect to Unity Package Manager local server
- Finished resetting the current domain, in  0.841 seconds
Domain Reload Profiling: 1816ms
	BeginReloadAssembly (191ms)
		ExecutionOrderSort (0ms)
		DisableScriptedObjects (5ms)
		BackupInstance (0ms)
		ReleaseScriptingObjects (0ms)
		CreateAndSetChildDomain (39ms)
	RebuildCommonClasses (43ms)
	RebuildNativeTypeToScriptingClass (10ms)
	initialDomainReloadingComplete (48ms)
	LoadAllAssembliesAndSetupDomain (683ms)
		LoadAssemblies (521ms)
		RebuildTransferFunctionScriptingTraits (0ms)
		AnalyzeDomain (274ms)
			TypeCache.Refresh (226ms)
				TypeCache.ScanAssembly (203ms)
			ScanForSourceGeneratedMonoScriptInfo (30ms)
			ResolveRequiredComponents (15ms)
	FinalizeReload (842ms)
		ReleaseScriptCaches (0ms)
		RebuildScriptCaches (0ms)
		SetupLoadedEditorAssemblies (602ms)
			LogAssemblyErrors (0ms)
			InitializePlatformSupportModulesInManaged (7ms)
			SetLoadedEditorAssemblies (8ms)
			RefreshPlugins (0ms)
			BeforeProcessingInitializeOnLoad (107ms)
			ProcessInitializeOnLoadAttributes (388ms)
			ProcessInitializeOnLoadMethodAttributes (80ms)
			AfterProcessingInitializeOnLoad (12ms)
			EditorAssembliesLoaded (0ms)
		ExecutionOrderSort2 (0ms)
		AwakeInstancesAfterBackupRestoration (8ms)
Launched and connected shader compiler UnityShaderCompiler.exe after 0.08 seconds
Refreshing native plugins compatible for Editor in 27.57 ms, found 16 plugins.
Preloading 0 native plugins for Editor in 0.00 ms.
Unloading 5483 Unused Serialized files (Serialized files now loaded: 0)
Unloading 95 unused Assets / (1.3 MB). Loaded Objects now: 5927.
Memory consumption went from 191.4 MB to 190.1 MB.
Total: 5.128000 ms (FindLiveObjects: 0.525500 ms CreateObjectMapping: 0.478100 ms MarkObjects: 3.372400 ms  DeleteObjects: 0.750900 ms)

AssetImportParameters requested are different than current active one (requested -> active):
  custom:container-demuxer-ogg: 62fdf1f143b41e24485cea50d1cbac27 -> 
  custom:video-codec-MediaFoundation-h265: 746d11721c4dcdbdad8f713fa42b33f4 -> 
  custom:video-decoder-ogg-theora: a1e56fd34408186e4bbccfd4996cb3dc -> 
  custom:framework-win-MediaFoundation: 216162199b28c13a410421893ffa2e32 -> 
  custom:CustomObjectIndexerAttribute: 756ad292c208cfabdd7b50bc23989ffe -> 
  custom:container-demuxer-webm: 4f35f7cbe854078d1ac9338744f61a02 -> 
  custom:container-muxer-webm: aa71ff27fc2769a1b78a27578f13a17b -> 
  custom:video-decoder-webm-vp8: 9c59270c3fd7afecdb556c50c9e8de78 -> 
  custom:SearchIndexIgnoredProperties: e643bd26f0fe6173181afceb89e7c659 -> 
  custom:AudioImporter_EditorPlatform: d09bf68614088b80899f8185d706f6e7 -> 
  custom:video-encoder-webm-vp8: eb34c28f22e8b96e1ab97ce403110664 -> 
  custom:audio-decoder-ogg-vorbis: bf7c407c2cedff20999df2af8eb42d56 -> 
  custom:audio-encoder-webm-vorbis: bf7c407c2cedff20999df2af8eb42d56 -> 
========================================================================
Received Import Request.
  Time since last request: 272713.790730 seconds.
  path: Assets/XR/Settings/OpenXR Editor Settings.asset
  artifactKey: Guid(998d02d0e95b36b46ae1fd054074b90d) Importer(2089858483,0ecaa5967403d082aa24f35e1b516d23)
Start importing Assets/XR/Settings/OpenXR Editor Settings.asset using Guid(998d02d0e95b36b46ae1fd054074b90d) Importer(2089858483,0ecaa5967403d082aa24f35e1b516d23)  -> (artifact id: '2c2f7326171d1a02b93b375351fc96f3') in 0.139538 seconds
Number of updated asset objects reloaded before import = 0
Number of asset objects unloaded after import = 1
========================================================================
Received Import Request.
  Time since last request: 0.000034 seconds.
  path: Assets/Scenes/SampleScene.unity
  artifactKey: Guid(9fc0d4010bbf28b4594072e72b8655ab) Importer(2089858483,0ecaa5967403d082aa24f35e1b516d23)
Start importing Assets/Scenes/SampleScene.unity using Guid(9fc0d4010bbf28b4594072e72b8655ab) Importer(2089858483,0ecaa5967403d082aa24f35e1b516d23)  -> (artifact id: 'aef3d0509b1cf710b22dd43df8d4791e') in 0.014029 seconds
Number of updated asset objects reloaded before import = 0
Number of asset objects unloaded after import = 1
========================================================================
Received Import Request.
  Time since last request: 0.000026 seconds.
  path: Assets/XR/Loaders/OpenXRLoader.asset
  artifactKey: Guid(40de499cce3e1e740b96ce021751a8ae) Importer(2089858483,0ecaa5967403d082aa24f35e1b516d23)
Start importing Assets/XR/Loaders/OpenXRLoader.asset using Guid(40de499cce3e1e740b96ce021751a8ae) Importer(2089858483,0ecaa5967403d082aa24f35e1b516d23)  -> (artifact id: 'ee63d86d796aa999947cbf72bea49769') in 0.018088 seconds
Number of updated asset objects reloaded before import = 0
Number of asset objects unloaded after import = 1
========================================================================
Received Import Request.
  Time since last request: 0.000024 seconds.
  path: Assets/XRI/Settings/XRInteractionEditorSettings.asset
  artifactKey: Guid(61bdc935349b1ac4c916c28f11916d9d) Importer(2089858483,0ecaa5967403d082aa24f35e1b516d23)
Start importing Assets/XRI/Settings/XRInteractionEditorSettings.asset using Guid(61bdc935349b1ac4c916c28f11916d9d) Importer(2089858483,0ecaa5967403d082aa24f35e1b516d23)  -> (artifact id: '77c1a2f4449b433894fef8c143bd7135') in 0.019788 seconds
Number of updated asset objects reloaded before import = 0
Number of asset objects unloaded after import = 1
========================================================================
Received Import Request.
  Time since last request: 0.000055 seconds.
  path: Assets/XR/Loaders/SimulationLoader.asset
  artifactKey: Guid(b2ab9a930cbd2694a9d1f0387e8cc266) Importer(2089858483,0ecaa5967403d082aa24f35e1b516d23)
Start importing Assets/XR/Loaders/SimulationLoader.asset using Guid(b2ab9a930cbd2694a9d1f0387e8cc266) Importer(2089858483,0ecaa5967403d082aa24f35e1b516d23)  -> (artifact id: '292dc7f4089b6e59a96a63e069cbe190') in 0.016794 seconds
Number of updated asset objects reloaded before import = 0
Number of asset objects unloaded after import = 1
========================================================================
Received Prepare
Refreshing native plugins compatible for Editor in 18.37 ms, found 16 plugins.
Preloading 0 native plugins for Editor in 0.00 ms.
Unloading 10 Unused Serialized files (Serialized files now loaded: 0)
Unloading 11 unused Assets / (1.3 MB). Loaded Objects now: 5927.
Memory consumption went from 95.9 MB to 94.6 MB.
Total: 5.133300 ms (FindLiveObjects: 0.441300 ms CreateObjectMapping: 0.193600 ms MarkObjects: 3.755800 ms  DeleteObjects: 0.741700 ms)

Prepare: number of updated asset objects reloaded= 0
AssetImportParameters requested are different than current active one (requested -> active):
  colorSpace: 1 -> 0
  custom:container-demuxer-ogg: 62fdf1f143b41e24485cea50d1cbac27 -> 
  custom:video-codec-MediaFoundation-h265: 746d11721c4dcdbdad8f713fa42b33f4 -> 
  custom:video-decoder-ogg-theora: a1e56fd34408186e4bbccfd4996cb3dc -> 
  custom:framework-win-MediaFoundation: 216162199b28c13a410421893ffa2e32 -> 
  custom:CustomObjectIndexerAttribute: 756ad292c208cfabdd7b50bc23989ffe -> 
  custom:container-demuxer-webm: 4f35f7cbe854078d1ac9338744f61a02 -> 
  custom:container-muxer-webm: aa71ff27fc2769a1b78a27578f13a17b -> 
  custom:video-decoder-webm-vp8: 9c59270c3fd7afecdb556c50c9e8de78 -> 
  custom:SearchIndexIgnoredProperties: e643bd26f0fe6173181afceb89e7c659 -> 
  custom:AudioImporter_EditorPlatform: d09bf68614088b80899f8185d706f6e7 -> 
  custom:video-encoder-webm-vp8: eb34c28f22e8b96e1ab97ce403110664 -> 
  custom:graphics/active-color-space: 03000000000000000000000000000000 -> 02000000000000000000000000000000
  custom:audio-decoder-ogg-vorbis: bf7c407c2cedff20999df2af8eb42d56 -> 
  custom:audio-encoder-webm-vorbis: bf7c407c2cedff20999df2af8eb42d56 -> 
========================================================================
Received Import Request.
  Time since last request: 112.603877 seconds.
  path: Packages/org.mixedrealitytoolkit.uxcomponents/ButtonBar/CanvasButtonBar_SharedBackplate.prefab
  artifactKey: Guid(61b1d2477609bc34297ebc4689fffbe8) Importer(815301076,1909f56bfc062723c751e8b465ee728b)
Start importing Packages/org.mixedrealitytoolkit.uxcomponents/ButtonBar/CanvasButtonBar_SharedBackplate.prefab using Guid(61b1d2477609bc34297ebc4689fffbe8) Importer(815301076,1909f56bfc062723c751e8b465ee728b)  -> (artifact id: '59910f8df8d9d610181e93e321c3a1de') in 0.148995 seconds
Number of updated asset objects reloaded before import = 0
Number of asset objects unloaded after import = 367
========================================================================
Received Import Request.
  Time since last request: 0.000021 seconds.
  path: Packages/com.unity.xr.arfoundation/Assets/Prefabs/DebugMenu.prefab
  artifactKey: Guid(ef3886a9667424aedaa5b3b3e1285dbb) Importer(815301076,1909f56bfc062723c751e8b465ee728b)
Start importing Packages/com.unity.xr.arfoundation/Assets/Prefabs/DebugMenu.prefab using Guid(ef3886a9667424aedaa5b3b3e1285dbb) Importer(815301076,1909f56bfc062723c751e8b465ee728b)  -> (artifact id: '58764fbe82905b954b22a6bcdef65585') in 0.025767 seconds
Number of updated asset objects reloaded before import = 0
Number of asset objects unloaded after import = 408
========================================================================
Received Import Request.
  Time since last request: 0.000030 seconds.
  path: Packages/org.mixedrealitytoolkit.uxcomponents/ToggleIndicators/Checkbox.prefab
  artifactKey: Guid(f9ae8e304f5c6864980818dec2c95633) Importer(815301076,1909f56bfc062723c751e8b465ee728b)
Start importing Packages/org.mixedrealitytoolkit.uxcomponents/ToggleIndicators/Checkbox.prefab using Guid(f9ae8e304f5c6864980818dec2c95633) Importer(815301076,1909f56bfc062723c751e8b465ee728b)  -> (artifact id: 'f3be9d038d18a54b16f31556042a1fd2') in 0.005407 seconds
Number of updated asset objects reloaded before import = 0
Number of asset objects unloaded after import = 16
========================================================================
Received Import Request.
  Time since last request: 0.000020 seconds.
  path: Packages/org.mixedrealitytoolkit.spatialmanipulation/BoundsControl/Prefabs/CursorMoveArrowsCross.prefab
  artifactKey: Guid(518abe7d4c9232840bfe1b021e889761) Importer(815301076,1909f56bfc062723c751e8b465ee728b)
Start importing Packages/org.mixedrealitytoolkit.spatialmanipulation/BoundsControl/Prefabs/CursorMoveArrowsCross.prefab using Guid(518abe7d4c9232840bfe1b021e889761) Importer(815301076,1909f56bfc062723c751e8b465ee728b)  -> (artifact id: '7491b54d7a0058371777dec57a75b81f') in 0.239906 seconds
Number of updated asset objects reloaded before import = 0
Number of asset objects unloaded after import = 14
========================================================================
Received Import Request.
  Time since last request: 0.000037 seconds.
  path: Packages/com.unity.xr.arfoundation/Assets/Prefabs/DebugLineRenderer.prefab
  artifactKey: Guid(6a8d857d8706540509e4fcd02ea92f74) Importer(815301076,1909f56bfc062723c751e8b465ee728b)
Start importing Packages/com.unity.xr.arfoundation/Assets/Prefabs/DebugLineRenderer.prefab using Guid(6a8d857d8706540509e4fcd02ea92f74) Importer(815301076,1909f56bfc062723c751e8b465ee728b)  -> (artifact id: 'b94fefecb2274d00bad1ab6e0461a1b3') in 0.039638 seconds
Number of updated asset objects reloaded before import = 0
Number of asset objects unloaded after import = 5
========================================================================
Received Import Request.
  Time since last request: 0.000032 seconds.
  path: Packages/com.unity.xr.arfoundation/Assets/Prefabs/DefaultSimulationEnvironment.prefab
  artifactKey: Guid(c7b92c392902f4043a03a64032c02fe1) Importer(815301076,1909f56bfc062723c751e8b465ee728b)
Start importing Packages/com.unity.xr.arfoundation/Assets/Prefabs/DefaultSimulationEnvironment.prefab using Guid(c7b92c392902f4043a03a64032c02fe1) Importer(815301076,1909f56bfc062723c751e8b465ee728b)  -> (artifact id: '256d6776a85215aefc26902c4e6a4451') in 0.250945 seconds
Number of updated asset objects reloaded before import = 0
Number of asset objects unloaded after import = 44
========================================================================
Received Import Request.
  Time since last request: 0.863369 seconds.
  path: Packages/org.mixedrealitytoolkit.uxcomponents.noncanvas/Dialog/Dialog_168x88mm.prefab
  artifactKey: Guid(175cf7e8b8559f342806a0f7d7f3082a) Importer(815301076,1909f56bfc062723c751e8b465ee728b)
Start importing Packages/org.mixedrealitytoolkit.uxcomponents.noncanvas/Dialog/Dialog_168x88mm.prefab using Guid(175cf7e8b8559f342806a0f7d7f3082a) Importer(815301076,1909f56bfc062723c751e8b465ee728b)  -> (artifact id: '4d53cb05f48af3bf63c8f94e70ef4252') in 0.290376 seconds
Number of updated asset objects reloaded before import = 0
Number of asset objects unloaded after import = 885
========================================================================
Received Import Request.
  Time since last request: 0.000022 seconds.
  path: Packages/com.microsoft.mrtk.graphicstools.unity/Runtime/Prefabs/FlyCamera.prefab
  artifactKey: Guid(d2eb3a9405371294bb1453b4af85960e) Importer(815301076,1909f56bfc062723c751e8b465ee728b)
Start importing Packages/com.microsoft.mrtk.graphicstools.unity/Runtime/Prefabs/FlyCamera.prefab using Guid(d2eb3a9405371294bb1453b4af85960e) Importer(815301076,1909f56bfc062723c751e8b465ee728b)  -> (artifact id: '884a59bb7064eb79ff6be894ba15cd4c') in 0.004619 seconds
Number of updated asset objects reloaded before import = 0
Number of asset objects unloaded after import = 9
========================================================================
Received Import Request.
  Time since last request: 0.000032 seconds.
  path: Packages/org.mixedrealitytoolkit.uxcomponents.noncanvas/Dialog/Dialog_168x140mm.prefab
  artifactKey: Guid(b18a8137ff3b1c441948d57f752d44a7) Importer(815301076,1909f56bfc062723c751e8b465ee728b)
Start importing Packages/org.mixedrealitytoolkit.uxcomponents.noncanvas/Dialog/Dialog_168x140mm.prefab using Guid(b18a8137ff3b1c441948d57f752d44a7) Importer(815301076,1909f56bfc062723c751e8b465ee728b)  -> (artifact id: '4d66d75d0fe58a582450d8b0876ae600') in 0.081254 seconds
Number of updated asset objects reloaded before import = 0
Number of asset objects unloaded after import = 615
========================================================================
Received Import Request.
  Time since last request: 0.000023 seconds.
  path: Packages/org.mixedrealitytoolkit.uxcomponents.noncanvas/HandMenu/HandMenu.prefab
  artifactKey: Guid(35f4f70e6c175f544a0f00654eedbf34) Importer(815301076,1909f56bfc062723c751e8b465ee728b)
Start importing Packages/org.mixedrealitytoolkit.uxcomponents.noncanvas/HandMenu/HandMenu.prefab using Guid(35f4f70e6c175f544a0f00654eedbf34) Importer(815301076,1909f56bfc062723c751e8b465ee728b)  -> (artifact id: 'bac4d76d8f5402c3017d68661573604b') in 0.020080 seconds
Number of updated asset objects reloaded before import = 0
Number of asset objects unloaded after import = 20
========================================================================
Received Import Request.
  Time since last request: 0.567005 seconds.
  path: Packages/org.mixedrealitytoolkit.uxcomponents.noncanvas/ButtonGroup/ButtonGroup_32x32mm_H3_ToggleButtons.prefab
  artifactKey: Guid(404b861882c3b5c44836e445117cf4c5) Importer(815301076,1909f56bfc062723c751e8b465ee728b)
Start importing Packages/org.mixedrealitytoolkit.uxcomponents.noncanvas/ButtonGroup/ButtonGroup_32x32mm_H3_ToggleButtons.prefab using Guid(404b861882c3b5c44836e445117cf4c5) Importer(815301076,1909f56bfc062723c751e8b465ee728b)  -> (artifact id: '716b42e1c1c74ae8c7b01a5f6d9f6dec') in 0.213731 seconds
Number of updated asset objects reloaded before import = 0
Number of asset objects unloaded after import = 1758
========================================================================
Received Import Request.
  Time since last request: 0.202772 seconds.
  path: Packages/org.mixedrealitytoolkit.spatialmanipulation/BoundsControl/Prefabs/BoundingBoxWithTraditionalHandles.prefab
  artifactKey: Guid(ecbf05ce2121a744cb893e82377ba3cd) Importer(815301076,1909f56bfc062723c751e8b465ee728b)
Start importing Packages/org.mixedrealitytoolkit.spatialmanipulation/BoundsControl/Prefabs/BoundingBoxWithTraditionalHandles.prefab using Guid(ecbf05ce2121a744cb893e82377ba3cd) Importer(815301076,1909f56bfc062723c751e8b465ee728b)  -> (artifact id: 'a76b8ed900df655cf06033f629bc0844') in 0.080008 seconds
Number of updated asset objects reloaded before import = 0
Number of asset objects unloaded after import = 322
========================================================================
Received Import Request.
  Time since last request: 0.011799 seconds.
  path: Packages/org.mixedrealitytoolkit.spatialmanipulation/BoundsControl/Prefabs/BoundingBox.prefab
  artifactKey: Guid(948a7c68cd6b19c449613d0541c50852) Importer(815301076,1909f56bfc062723c751e8b465ee728b)
Start importing Packages/org.mixedrealitytoolkit.spatialmanipulation/BoundsControl/Prefabs/BoundingBox.prefab using Guid(948a7c68cd6b19c449613d0541c50852) Importer(815301076,1909f56bfc062723c751e8b465ee728b)  -> (artifact id: 'cf454014ed8f3f0726af13c5da8d5453') in 0.017330 seconds
Number of updated asset objects reloaded before import = 0
Number of asset objects unloaded after import = 11
========================================================================
Received Import Request.
  Time since last request: 0.010631 seconds.
  path: Packages/org.mixedrealitytoolkit.uxcomponents/Button/Prefabs/Action Button.prefab
  artifactKey: Guid(c6b351a67ceb69140b199996bbbea156) Importer(815301076,1909f56bfc062723c751e8b465ee728b)
Start importing Packages/org.mixedrealitytoolkit.uxcomponents/Button/Prefabs/Action Button.prefab using Guid(c6b351a67ceb69140b199996bbbea156) Importer(815301076,1909f56bfc062723c751e8b465ee728b)  -> (artifact id: '5bb6f3f6bf0a7d6c3fa96b3044b937e8') in 0.040947 seconds
Number of updated asset objects reloaded before import = 0
Number of asset objects unloaded after import = 164
========================================================================
Received Import Request.
  Time since last request: 2.490203 seconds.
  path: Packages/org.mixedrealitytoolkit.uxcomponents.noncanvas/ObjectBar/HorizontalObjectBarWithDivider.prefab
  artifactKey: Guid(6bd077e198a277a429f606aa8a4c52f4) Importer(815301076,1909f56bfc062723c751e8b465ee728b)
Start importing Packages/org.mixedrealitytoolkit.uxcomponents.noncanvas/ObjectBar/HorizontalObjectBarWithDivider.prefab using Guid(6bd077e198a277a429f606aa8a4c52f4) Importer(815301076,1909f56bfc062723c751e8b465ee728b)  -> (artifact id: 'e1a1f209ad4ec412ae32fef5b5f13bc5') in 0.151005 seconds
Number of updated asset objects reloaded before import = 0
Number of asset objects unloaded after import = 56
========================================================================
Received Import Request.
  Time since last request: 1.097097 seconds.
  path: Packages/org.mixedrealitytoolkit.uxcomponents.noncanvas/ListMenu/ListMenu_168x168mm_IconAndText.prefab
  artifactKey: Guid(3fb505a7f547bb44aa5edf1bbec53138) Importer(815301076,1909f56bfc062723c751e8b465ee728b)
Start importing Packages/org.mixedrealitytoolkit.uxcomponents.noncanvas/ListMenu/ListMenu_168x168mm_IconAndText.prefab using Guid(3fb505a7f547bb44aa5edf1bbec53138) Importer(815301076,1909f56bfc062723c751e8b465ee728b)  -> (artifact id: '763ce659ba07dc5dc9c5abf4fa3ec46f') in 0.100494 seconds
Number of updated asset objects reloaded before import = 0
Number of asset objects unloaded after import = 1451
========================================================================
Received Import Request.
  Time since last request: 0.000022 seconds.
  path: Packages/org.mixedrealitytoolkit.extendedassets/Prefabs/Model_Bucky.prefab
  artifactKey: Guid(5342e372ece3a9548ad0a77db00eee92) Importer(815301076,1909f56bfc062723c751e8b465ee728b)
Start importing Packages/org.mixedrealitytoolkit.extendedassets/Prefabs/Model_Bucky.prefab using Guid(5342e372ece3a9548ad0a77db00eee92) Importer(815301076,1909f56bfc062723c751e8b465ee728b)  -> (artifact id: '1193f9c4a281d7b9801e4c816ebe55e9') in 0.014321 seconds
Number of updated asset objects reloaded before import = 0
Number of asset objects unloaded after import = 10
========================================================================
Received Import Request.
  Time since last request: 0.000019 seconds.
  path: Packages/org.mixedrealitytoolkit.uxcomponents.noncanvas/ListMenu/ListMenu_168x168mm_ToggleSwitch.prefab
  artifactKey: Guid(a8df832ff62941c40b056cce151ff315) Importer(815301076,1909f56bfc062723c751e8b465ee728b)
Start importing Packages/org.mixedrealitytoolkit.uxcomponents.noncanvas/ListMenu/ListMenu_168x168mm_ToggleSwitch.prefab using Guid(a8df832ff62941c40b056cce151ff315) Importer(815301076,1909f56bfc062723c751e8b465ee728b)  -> (artifact id: '10c8b1dba20fbf780e4d462db65924a4') in 0.287680 seconds
Number of updated asset objects reloaded before import = 0
Number of asset objects unloaded after import = 2857
========================================================================
Received Import Request.
  Time since last request: 0.612620 seconds.
  path: Packages/org.mixedrealitytoolkit.input/Assets/Prefabs/MRTK Interaction Manager.prefab
  artifactKey: Guid(2d7353d30f9fe7e41bf30032876961a9) Importer(815301076,1909f56bfc062723c751e8b465ee728b)
Start importing Packages/org.mixedrealitytoolkit.input/Assets/Prefabs/MRTK Interaction Manager.prefab using Guid(2d7353d30f9fe7e41bf30032876961a9) Importer(815301076,1909f56bfc062723c751e8b465ee728b)  -> (artifact id: '56b9df0eb67d3c12556df316c9db14a8') in 0.009492 seconds
Number of updated asset objects reloaded before import = 0
Number of asset objects unloaded after import = 7
========================================================================
Received Import Request.
  Time since last request: 0.021470 seconds.
  path: Packages/org.mixedrealitytoolkit.input/Assets/Prefabs/MRTK RightHand Controller.prefab
  artifactKey: Guid(82333e6e543cb7e4dbd5b1d47aff3f58) Importer(815301076,1909f56bfc062723c751e8b465ee728b)
Start importing Packages/org.mixedrealitytoolkit.input/Assets/Prefabs/MRTK RightHand Controller.prefab using Guid(82333e6e543cb7e4dbd5b1d47aff3f58) Importer(815301076,1909f56bfc062723c751e8b465ee728b)  -> (artifact id: 'd9ab00bdfc42300393492e00b3cecce4') in 0.051712 seconds
Number of updated asset objects reloaded before import = 0
Number of asset objects unloaded after import = 312
========================================================================
Received Import Request.
  Time since last request: 0.934624 seconds.
  path: Packages/org.mixedrealitytoolkit.uxcomponents/Experimental/NonNativeKeyboard/NonNativeKeyboard.prefab
  artifactKey: Guid(74b589d1efab94a4cb70e4b5c22783f8) Importer(815301076,1909f56bfc062723c751e8b465ee728b)
Start importing Packages/org.mixedrealitytoolkit.uxcomponents/Experimental/NonNativeKeyboard/NonNativeKeyboard.prefab using Guid(74b589d1efab94a4cb70e4b5c22783f8) Importer(815301076,1909f56bfc062723c751e8b465ee728b)  -> (artifact id: 'f2826c865144395cd9091621c14f4149') in 0.047468 seconds
Number of updated asset objects reloaded before import = 0
Number of asset objects unloaded after import = 1416
========================================================================
Received Import Request.
  Time since last request: 0.004333 seconds.
  path: Packages/com.unity.xr.arfoundation/Assets/Prefabs/OriginTransform.prefab
  artifactKey: Guid(78be84f5d3a3c41f9ab0093b3f712a4e) Importer(815301076,1909f56bfc062723c751e8b465ee728b)
Start importing Packages/com.unity.xr.arfoundation/Assets/Prefabs/OriginTransform.prefab using Guid(78be84f5d3a3c41f9ab0093b3f712a4e) Importer(815301076,1909f56bfc062723c751e8b465ee728b)  -> (artifact id: '0c794e32d9641a915a0e1cbccd2b5f26') in 0.016435 seconds
Number of updated asset objects reloaded before import = 0
Number of asset objects unloaded after import = 39
========================================================================
Received Import Request.
  Time since last request: 11.797396 seconds.
  path: Packages/org.mixedrealitytoolkit.uxcomponents.noncanvas/Button/32x32/PressableButton_32x32mm_IconAndText_InnerQuadOnly.prefab
  artifactKey: Guid(e5b53b02ddc453d49a3a36a85164095f) Importer(815301076,1909f56bfc062723c751e8b465ee728b)
Start importing Packages/org.mixedrealitytoolkit.uxcomponents.noncanvas/Button/32x32/PressableButton_32x32mm_IconAndText_InnerQuadOnly.prefab using Guid(e5b53b02ddc453d49a3a36a85164095f) Importer(815301076,1909f56bfc062723c751e8b465ee728b)  -> (artifact id: '19f04a12d0a8ed6409637095f5501f85') in 0.066548 seconds
Number of updated asset objects reloaded before import = 0
Number of asset objects unloaded after import = 423
========================================================================
Received Import Request.
  Time since last request: 0.014705 seconds.
  path: Packages/org.mixedrealitytoolkit.uxcomponents.noncanvas/Button/80x32/PressableButton_80x32mm_IconAndText.prefab
  artifactKey: Guid(5e1e5c2fb89ded5469dd37ccbed1a896) Importer(815301076,1909f56bfc062723c751e8b465ee728b)
Start importing Packages/org.mixedrealitytoolkit.uxcomponents.noncanvas/Button/80x32/PressableButton_80x32mm_IconAndText.prefab using Guid(5e1e5c2fb89ded5469dd37ccbed1a896) Importer(815301076,1909f56bfc062723c751e8b465ee728b)  -> (artifact id: '4af92875a6b6fd934985fcc42a21416d') in 0.068855 seconds
Number of updated asset objects reloaded before import = 0
Number of asset objects unloaded after import = 338
========================================================================
Received Import Request.
  Time since last request: 0.503792 seconds.
  path: Packages/org.mixedrealitytoolkit.uxcomponents.noncanvas/Button/128x32/PressableButton_128x32mm_IconAndText_R.prefab
  artifactKey: Guid(65f40353d917a5b4fa51fa52c7aac877) Importer(815301076,1909f56bfc062723c751e8b465ee728b)
Start importing Packages/org.mixedrealitytoolkit.uxcomponents.noncanvas/Button/128x32/PressableButton_128x32mm_IconAndText_R.prefab using Guid(65f40353d917a5b4fa51fa52c7aac877) Importer(815301076,1909f56bfc062723c751e8b465ee728b)  -> (artifact id: '1e38b28d146bbce7675365b1c496862f') in 0.066482 seconds
Number of updated asset objects reloaded before import = 0
Number of asset objects unloaded after import = 255
========================================================================
Received Import Request.
  Time since last request: 0.034741 seconds.
  path: Packages/org.mixedrealitytoolkit.uxcomponents.noncanvas/Button/128x32/PressableButton_128x32mm_TextOnly.prefab
  artifactKey: Guid(72dfeb9ecf5ad884b87eff8bc5b49276) Importer(815301076,1909f56bfc062723c751e8b465ee728b)
Start importing Packages/org.mixedrealitytoolkit.uxcomponents.noncanvas/Button/128x32/PressableButton_128x32mm_TextOnly.prefab using Guid(72dfeb9ecf5ad884b87eff8bc5b49276) Importer(815301076,1909f56bfc062723c751e8b465ee728b)  -> (artifact id: '2e7d24246aa6d456fd6e084b69fa5269') in 0.056231 seconds
Number of updated asset objects reloaded before import = 0
Number of asset objects unloaded after import = 169
========================================================================
Received Import Request.
  Time since last request: 0.434491 seconds.
  path: Packages/org.mixedrealitytoolkit.uxcomponents/Button/Prefabs/PressableButton_Custom_Cube.prefab
  artifactKey: Guid(05b6a9dff71e6224982f4d56166f710f) Importer(815301076,1909f56bfc062723c751e8b465ee728b)
Start importing Packages/org.mixedrealitytoolkit.uxcomponents/Button/Prefabs/PressableButton_Custom_Cube.prefab using Guid(05b6a9dff71e6224982f4d56166f710f) Importer(815301076,1909f56bfc062723c751e8b465ee728b)  -> (artifact id: 'e6537653cbe08a95c9b36cd653df75a8') in 0.014571 seconds
Number of updated asset objects reloaded before import = 0
Number of asset objects unloaded after import = 19
========================================================================
Received Import Request.
  Time since last request: 0.041273 seconds.
  path: Packages/org.mixedrealitytoolkit.spatialmanipulation/BoundsControl/Prefabs/ScaleHandleOcclusion.prefab
  artifactKey: Guid(45938efb25451774cad2262df8ebeef2) Importer(815301076,1909f56bfc062723c751e8b465ee728b)
Start importing Packages/org.mixedrealitytoolkit.spatialmanipulation/BoundsControl/Prefabs/ScaleHandleOcclusion.prefab using Guid(45938efb25451774cad2262df8ebeef2) Importer(815301076,1909f56bfc062723c751e8b465ee728b)  -> (artifact id: 'b3c2a9be8db17af84ab54068e76ccba0') in 0.031165 seconds
Number of updated asset objects reloaded before import = 0
Number of asset objects unloaded after import = 34
========================================================================
Received Import Request.
  Time since last request: 0.745311 seconds.
  path: Packages/org.mixedrealitytoolkit.uxcomponents.noncanvas/Slider/Slider_168x40mm_IconAndValue.prefab
  artifactKey: Guid(7148f9ce86f62ab4b8d89dc6cfa369a0) Importer(815301076,1909f56bfc062723c751e8b465ee728b)
Start importing Packages/org.mixedrealitytoolkit.uxcomponents.noncanvas/Slider/Slider_168x40mm_IconAndValue.prefab using Guid(7148f9ce86f62ab4b8d89dc6cfa369a0) Importer(815301076,1909f56bfc062723c751e8b465ee728b)  -> (artifact id: '07a729cc59342e2ad2e1c2c795a0ed7d') in 0.196004 seconds
Number of updated asset objects reloaded before import = 0
Number of asset objects unloaded after import = 149
========================================================================
Received Import Request.
  Time since last request: 2.543867 seconds.
  path: Packages/org.mixedrealitytoolkit.uxcomponents.noncanvas/Toggles/ToggleCollection.prefab
  artifactKey: Guid(65d11ce354bc9a948b2cec18fb252909) Importer(815301076,1909f56bfc062723c751e8b465ee728b)
Start importing Packages/org.mixedrealitytoolkit.uxcomponents.noncanvas/Toggles/ToggleCollection.prefab using Guid(65d11ce354bc9a948b2cec18fb252909) Importer(815301076,1909f56bfc062723c751e8b465ee728b)  -> (artifact id: 'd0cfd587a87183a60b08c8d3bb404d36') in 0.070098 seconds
Number of updated asset objects reloaded before import = 0
Number of asset objects unloaded after import = 528
========================================================================
Received Import Request.
  Time since last request: 0.000024 seconds.
  path: Packages/org.mixedrealitytoolkit.uxcomponents.noncanvas/Toggles/32x32/TogglePressableButton_32x32mm_RoundCheck.prefab
  artifactKey: Guid(32fa8a656cfcde24da6a4ec1fdc0bdef) Importer(815301076,1909f56bfc062723c751e8b465ee728b)
Start importing Packages/org.mixedrealitytoolkit.uxcomponents.noncanvas/Toggles/32x32/TogglePressableButton_32x32mm_RoundCheck.prefab using Guid(32fa8a656cfcde24da6a4ec1fdc0bdef) Importer(815301076,1909f56bfc062723c751e8b465ee728b)  -> (artifact id: '3b89f2bff8ff4b2ed6b59552aeeaae99') in 0.066445 seconds
Number of updated asset objects reloaded before import = 0
Number of asset objects unloaded after import = 525
========================================================================
Received Import Request.
  Time since last request: 0.000032 seconds.
  path: Packages/org.mixedrealitytoolkit.uxcomponents.noncanvas/Toggles/128x32/TogglePressableButton_128x32mm_IconAndText_L.prefab
  artifactKey: Guid(6025eb16702e9ea4cb10e484240f9421) Importer(815301076,1909f56bfc062723c751e8b465ee728b)
Start importing Packages/org.mixedrealitytoolkit.uxcomponents.noncanvas/Toggles/128x32/TogglePressableButton_128x32mm_IconAndText_L.prefab using Guid(6025eb16702e9ea4cb10e484240f9421) Importer(815301076,1909f56bfc062723c751e8b465ee728b)  -> (artifact id: '3f7e822b130e0e3adb517e29afac2126') in 0.067635 seconds
Number of updated asset objects reloaded before import = 0
Number of asset objects unloaded after import = 338
========================================================================
Received Import Request.
  Time since last request: 0.719032 seconds.
  path: Packages/org.mixedrealitytoolkit.uxcomponents.noncanvas/Toggles/128x32/TogglePressableButton_128x32mm_RoundCheck_L.prefab
  artifactKey: Guid(d421d0209a69df74f98666291a669e55) Importer(815301076,1909f56bfc062723c751e8b465ee728b)
Start importing Packages/org.mixedrealitytoolkit.uxcomponents.noncanvas/Toggles/128x32/TogglePressableButton_128x32mm_RoundCheck_L.prefab using Guid(d421d0209a69df74f98666291a669e55) Importer(815301076,1909f56bfc062723c751e8b465ee728b)  -> (artifact id: '5e4eb610c151e01f8e680e5cedd372ac') in 0.069005 seconds
Number of updated asset objects reloaded before import = 0
Number of asset objects unloaded after import = 354
========================================================================
Received Import Request.
  Time since last request: 0.000023 seconds.
  path: Packages/org.mixedrealitytoolkit.uxcomponents.noncanvas/Toggles/160x32/TogglePressableButton_160x32mm_IconAndText_L.prefab
  artifactKey: Guid(984e359bf8777ab44821ba8dd3b11482) Importer(815301076,1909f56bfc062723c751e8b465ee728b)
Start importing Packages/org.mixedrealitytoolkit.uxcomponents.noncanvas/Toggles/160x32/TogglePressableButton_160x32mm_IconAndText_L.prefab using Guid(984e359bf8777ab44821ba8dd3b11482) Importer(815301076,1909f56bfc062723c751e8b465ee728b)  -> (artifact id: '73af8e817044d05494bb8b328d701b00') in 0.063757 seconds
Number of updated asset objects reloaded before import = 0
Number of asset objects unloaded after import = 421
========================================================================
Received Import Request.
  Time since last request: 0.574250 seconds.
  path: Packages/org.mixedrealitytoolkit.uxcomponents.noncanvas/Toggles/160x32/TogglePressableButton_160x32mm_Switch_L.prefab
  artifactKey: Guid(b7b55b04f2004024fba97cc25b2cde3e) Importer(815301076,1909f56bfc062723c751e8b465ee728b)
Start importing Packages/org.mixedrealitytoolkit.uxcomponents.noncanvas/Toggles/160x32/TogglePressableButton_160x32mm_Switch_L.prefab using Guid(b7b55b04f2004024fba97cc25b2cde3e) Importer(815301076,1909f56bfc062723c751e8b465ee728b)  -> (artifact id: 'aa4c815628144f416dc1e4ea467ddda2') in 0.076682 seconds
Number of updated asset objects reloaded before import = 0
Number of asset objects unloaded after import = 508
Editor requested this worker to shutdown with reason: Scaling down because of idle timeout
TcpMessagingSession - receive error: operation aborted. errorcode: 995, details: The I/O operation has been aborted because of either a thread exit or an application request.
AssetImportWorker is now disconnected from the server
Process exiting
Exiting without the bug reporter. Application will terminate with return code 0