Using pre-set license
Built from '2022.3/release' branch; Version is '2022.3.12f1 (4fe6e059c7ef) revision 5236448'; Using compiler version '192829333'; Build Type 'Release'
OS: 'Windows 11  (10.0.22621) 64bit Core' Language: 'en' Physical Memory: 15791 MB
BatchMode: 1, IsHumanControllingUs: 0, StartBugReporterOnCrash: 0, Is64bit: 1, IsPro: 1

COMMAND LINE ARGUMENTS:
C:\Program Files\Unity\Hub\Editor\2022.3.12f1-x86_64\Editor\Unity.exe
-adb2
-batchMode
-noUpm
-name
AssetImportWorker5
-projectPath
C:/Users/conno/ThisWorks
-logFile
Logs/AssetImportWorker5.log
-srvPort
51838
Successfully changed project path to: C:/Users/conno/ThisWorks
C:/Users/conno/ThisWorks
[UnityMemory] Configuration Parameters - Can be set up in boot.config
    "memorysetup-bucket-allocator-granularity=16"
    "memorysetup-bucket-allocator-bucket-count=8"
    "memorysetup-bucket-allocator-block-size=33554432"
    "memorysetup-bucket-allocator-block-count=8"
    "memorysetup-main-allocator-block-size=16777216"
    "memorysetup-thread-allocator-block-size=16777216"
    "memorysetup-gfx-main-allocator-block-size=16777216"
    "memorysetup-gfx-thread-allocator-block-size=16777216"
    "memorysetup-cache-allocator-block-size=4194304"
    "memorysetup-typetree-allocator-block-size=2097152"
    "memorysetup-profiler-bucket-allocator-granularity=16"
    "memorysetup-profiler-bucket-allocator-bucket-count=8"
    "memorysetup-profiler-bucket-allocator-block-size=33554432"
    "memorysetup-profiler-bucket-allocator-block-count=8"
    "memorysetup-profiler-allocator-block-size=16777216"
    "memorysetup-profiler-editor-allocator-block-size=1048576"
    "memorysetup-temp-allocator-size-main=16777216"
    "memorysetup-job-temp-allocator-block-size=2097152"
    "memorysetup-job-temp-allocator-block-size-background=1048576"
    "memorysetup-job-temp-allocator-reduction-small-platforms=262144"
    "memorysetup-allocator-temp-initial-block-size-main=262144"
    "memorysetup-allocator-temp-initial-block-size-worker=262144"
    "memorysetup-temp-allocator-size-background-worker=32768"
    "memorysetup-temp-allocator-size-job-worker=262144"
    "memorysetup-temp-allocator-size-preload-manager=33554432"
    "memorysetup-temp-allocator-size-nav-mesh-worker=65536"
    "memorysetup-temp-allocator-size-audio-worker=65536"
    "memorysetup-temp-allocator-size-cloud-worker=32768"
    "memorysetup-temp-allocator-size-gi-baking-worker=262144"
    "memorysetup-temp-allocator-size-gfx=262144"
Player connection [26276] Host "[IP] 192.168.1.122 [Port] 0 [Flags] 2 [Guid] 2313504371 [EditorId] 2313504371 [Version] 1048832 [Id] WindowsEditor(7,ConnorLaptop) [Debug] 1 [PackageName] WindowsEditor [ProjectName] Editor" joined multi-casting on [225.0.0.222:54997]...

Player connection [26276] Host "[IP] 192.168.1.122 [Port] 0 [Flags] 2 [Guid] 2313504371 [EditorId] 2313504371 [Version] 1048832 [Id] WindowsEditor(7,ConnorLaptop) [Debug] 1 [PackageName] WindowsEditor [ProjectName] Editor" joined alternative multi-casting on [225.0.0.222:34997]...

[Physics::Module] Initialized MultithreadedJobDispatcher with 15 workers.
Refreshing native plugins compatible for Editor in 24.42 ms, found 16 plugins.
Preloading 0 native plugins for Editor in 0.00 ms.
Initialize engine version: 2022.3.12f1 (4fe6e059c7ef)
[Subsystems] Discovering subsystems at path C:/Program Files/Unity/Hub/Editor/2022.3.12f1-x86_64/Editor/Data/Resources/UnitySubsystems
[Subsystems] Discovering subsystems at path C:/Users/conno/ThisWorks/Assets
GfxDevice: creating device client; threaded=0; jobified=0
Direct3D:
    Version:  Direct3D 11.0 [level 11.1]
    Renderer: NVIDIA GeForce RTX 3080 Laptop GPU (ID=0x249c)
    Vendor:   NVIDIA
    VRAM:     8032 MB
    Driver:   31.0.15.4601
Initialize mono
Mono path[0] = 'C:/Program Files/Unity/Hub/Editor/2022.3.12f1-x86_64/Editor/Data/Managed'
Mono path[1] = 'C:/Program Files/Unity/Hub/Editor/2022.3.12f1-x86_64/Editor/Data/MonoBleedingEdge/lib/mono/unityjit-win32'
Mono config path = 'C:/Program Files/Unity/Hub/Editor/2022.3.12f1-x86_64/Editor/Data/MonoBleedingEdge/etc'
Using monoOptions --debugger-agent=transport=dt_socket,embedding=1,server=y,suspend=n,address=127.0.0.1:56640
Begin MonoManager ReloadAssembly
Registering precompiled unity dll's ...
Register platform support module: C:/Program Files/Unity/Hub/Editor/2022.3.12f1-x86_64/Editor/Data/PlaybackEngines/WindowsStandaloneSupport/UnityEditor.WindowsStandalone.Extensions.dll
Registered in 0.006384 seconds.
- Loaded All Assemblies, in  0.300 seconds
Native extension for WindowsStandalone target not found
Mono: successfully reloaded assembly
- Finished resetting the current domain, in  0.224 seconds
Domain Reload Profiling: 522ms
	BeginReloadAssembly (105ms)
		ExecutionOrderSort (0ms)
		DisableScriptedObjects (0ms)
		BackupInstance (0ms)
		ReleaseScriptingObjects (0ms)
		CreateAndSetChildDomain (1ms)
	RebuildCommonClasses (30ms)
	RebuildNativeTypeToScriptingClass (9ms)
	initialDomainReloadingComplete (53ms)
	LoadAllAssembliesAndSetupDomain (101ms)
		LoadAssemblies (102ms)
		RebuildTransferFunctionScriptingTraits (0ms)
		AnalyzeDomain (100ms)
			TypeCache.Refresh (98ms)
				TypeCache.ScanAssembly (89ms)
			ScanForSourceGeneratedMonoScriptInfo (0ms)
			ResolveRequiredComponents (0ms)
	FinalizeReload (224ms)
		ReleaseScriptCaches (0ms)
		RebuildScriptCaches (0ms)
		SetupLoadedEditorAssemblies (176ms)
			LogAssemblyErrors (0ms)
			InitializePlatformSupportModulesInManaged (8ms)
			SetLoadedEditorAssemblies (7ms)
			RefreshPlugins (0ms)
			BeforeProcessingInitializeOnLoad (2ms)
			ProcessInitializeOnLoadAttributes (118ms)
			ProcessInitializeOnLoadMethodAttributes (41ms)
			AfterProcessingInitializeOnLoad (0ms)
			EditorAssembliesLoaded (0ms)
		ExecutionOrderSort2 (0ms)
		AwakeInstancesAfterBackupRestoration (0ms)
========================================================================
Worker process is ready to serve import requests
Begin MonoManager ReloadAssembly
- Loaded All Assemblies, in  0.744 seconds
Refreshing native plugins compatible for Editor in 18.75 ms, found 16 plugins.
Native extension for WindowsStandalone target not found
Package Manager log level set to [2]
[Package Manager] Server::EnsureServerProcessIsRunning -- launch failed, reason: Unity was launched with the -noUpm command-line argument
[Package Manager] UpmClient::Send -- Unable to send message (not connected to UPM process).
[Package Manager] Cannot connect to Unity Package Manager local server
[Package Manager] Server::EnsureServerProcessIsRunning -- launch failed, reason: Unity was launched with the -noUpm command-line argument
[Package Manager] UpmClient::Send -- Unable to send message (not connected to UPM process).
[Package Manager] Cannot connect to Unity Package Manager local server
Mono: successfully reloaded assembly
[Package Manager] Server::EnsureServerProcessIsRunning -- launch failed, reason: Unity was launched with the -noUpm command-line argument
[Package Manager] UpmClient::Send -- Unable to send message (not connected to UPM process).
[Package Manager] Cannot connect to Unity Package Manager local server
[Package Manager] Server::EnsureServerProcessIsRunning -- launch failed, reason: Unity was launched with the -noUpm command-line argument
[Package Manager] UpmClient::Send -- Unable to send message (not connected to UPM process).
[Package Manager] Cannot connect to Unity Package Manager local server
- Finished resetting the current domain, in  0.734 seconds
Domain Reload Profiling: 1473ms
	BeginReloadAssembly (131ms)
		ExecutionOrderSort (0ms)
		DisableScriptedObjects (5ms)
		BackupInstance (0ms)
		ReleaseScriptingObjects (0ms)
		CreateAndSetChildDomain (21ms)
	RebuildCommonClasses (32ms)
	RebuildNativeTypeToScriptingClass (9ms)
	initialDomainReloadingComplete (46ms)
	LoadAllAssembliesAndSetupDomain (520ms)
		LoadAssemblies (335ms)
		RebuildTransferFunctionScriptingTraits (0ms)
		AnalyzeDomain (260ms)
			TypeCache.Refresh (217ms)
				TypeCache.ScanAssembly (194ms)
			ScanForSourceGeneratedMonoScriptInfo (32ms)
			ResolveRequiredComponents (10ms)
	FinalizeReload (735ms)
		ReleaseScriptCaches (0ms)
		RebuildScriptCaches (0ms)
		SetupLoadedEditorAssemblies (547ms)
			LogAssemblyErrors (0ms)
			InitializePlatformSupportModulesInManaged (6ms)
			SetLoadedEditorAssemblies (5ms)
			RefreshPlugins (0ms)
			BeforeProcessingInitializeOnLoad (100ms)
			ProcessInitializeOnLoadAttributes (359ms)
			ProcessInitializeOnLoadMethodAttributes (68ms)
			AfterProcessingInitializeOnLoad (8ms)
			EditorAssembliesLoaded (0ms)
		ExecutionOrderSort2 (0ms)
		AwakeInstancesAfterBackupRestoration (6ms)
Launched and connected shader compiler UnityShaderCompiler.exe after 0.05 seconds
Refreshing native plugins compatible for Editor in 17.14 ms, found 16 plugins.
Preloading 0 native plugins for Editor in 0.00 ms.
Unloading 5483 Unused Serialized files (Serialized files now loaded: 0)
Unloading 95 unused Assets / (1.3 MB). Loaded Objects now: 5927.
Memory consumption went from 191.4 MB to 190.1 MB.
Total: 4.339800 ms (FindLiveObjects: 0.576600 ms CreateObjectMapping: 0.174000 ms MarkObjects: 2.960100 ms  DeleteObjects: 0.627700 ms)

AssetImportParameters requested are different than current active one (requested -> active):
  colorSpace: 1 -> 0
  custom:container-demuxer-ogg: 62fdf1f143b41e24485cea50d1cbac27 -> 
  custom:video-codec-MediaFoundation-h265: 746d11721c4dcdbdad8f713fa42b33f4 -> 
  custom:video-decoder-ogg-theora: a1e56fd34408186e4bbccfd4996cb3dc -> 
  custom:framework-win-MediaFoundation: 216162199b28c13a410421893ffa2e32 -> 
  custom:CustomObjectIndexerAttribute: 756ad292c208cfabdd7b50bc23989ffe -> 
  custom:container-demuxer-webm: 4f35f7cbe854078d1ac9338744f61a02 -> 
  custom:container-muxer-webm: aa71ff27fc2769a1b78a27578f13a17b -> 
  custom:video-decoder-webm-vp8: 9c59270c3fd7afecdb556c50c9e8de78 -> 
  custom:SearchIndexIgnoredProperties: e643bd26f0fe6173181afceb89e7c659 -> 
  custom:AudioImporter_EditorPlatform: d09bf68614088b80899f8185d706f6e7 -> 
  custom:video-encoder-webm-vp8: eb34c28f22e8b96e1ab97ce403110664 -> 
  custom:graphics/active-color-space: 03000000000000000000000000000000 -> 02000000000000000000000000000000
  custom:audio-decoder-ogg-vorbis: bf7c407c2cedff20999df2af8eb42d56 -> 
  custom:audio-encoder-webm-vorbis: bf7c407c2cedff20999df2af8eb42d56 -> 
========================================================================
Received Import Request.
  Time since last request: 272832.251382 seconds.
  path: Packages/org.mixedrealitytoolkit.uxcomponents/Tests/Runtime/Prefabs/HortizontalScrollingTest.prefab
  artifactKey: Guid(7eb6a6dd3c4be864da6b5a84c7976573) Importer(815301076,1909f56bfc062723c751e8b465ee728b)
Start importing Packages/org.mixedrealitytoolkit.uxcomponents/Tests/Runtime/Prefabs/HortizontalScrollingTest.prefab using Guid(7eb6a6dd3c4be864da6b5a84c7976573) Importer(815301076,1909f56bfc062723c751e8b465ee728b)  -> (artifact id: 'bf7bb2e54230928e545083479e8ee2ed') in 0.421867 seconds
Number of updated asset objects reloaded before import = 0
Number of asset objects unloaded after import = 4460
========================================================================
Received Import Request.
  Time since last request: 0.818319 seconds.
  path: Packages/org.mixedrealitytoolkit.uxcomponents.noncanvas/ListMenu/ListMenu_168x168mm_RadioToggleCollection.prefab
  artifactKey: Guid(d698fbed55ae8ec46a367e2a7c88bca3) Importer(815301076,1909f56bfc062723c751e8b465ee728b)
Start importing Packages/org.mixedrealitytoolkit.uxcomponents.noncanvas/ListMenu/ListMenu_168x168mm_RadioToggleCollection.prefab using Guid(d698fbed55ae8ec46a367e2a7c88bca3) Importer(815301076,1909f56bfc062723c751e8b465ee728b)  -> (artifact id: 'd876084ff4acbd316a1a268f6fbeb833') in 0.484024 seconds
Number of updated asset objects reloaded before import = 0
Number of asset objects unloaded after import = 2783
========================================================================
Received Import Request.
  Time since last request: 0.571419 seconds.
  path: Packages/org.mixedrealitytoolkit.input/Experimental/SpatialMouse/MRTK Spatial Mouse Controller.prefab
  artifactKey: Guid(dc525621b8522034e867ed2799129315) Importer(815301076,1909f56bfc062723c751e8b465ee728b)
Start importing Packages/org.mixedrealitytoolkit.input/Experimental/SpatialMouse/MRTK Spatial Mouse Controller.prefab using Guid(dc525621b8522034e867ed2799129315) Importer(815301076,1909f56bfc062723c751e8b465ee728b)  -> (artifact id: 'd71447d0c0d10a6c6bc5f1604bd44caf') in 0.025440 seconds
Number of updated asset objects reloaded before import = 0
Number of asset objects unloaded after import = 29
========================================================================
Received Import Request.
  Time since last request: 0.000020 seconds.
  path: Packages/org.mixedrealitytoolkit.input/Assets/Prefabs/MRTK XR Rig.prefab
  artifactKey: Guid(4d7e2f87fefe0ba468719b15288b46e7) Importer(815301076,1909f56bfc062723c751e8b465ee728b)
Start importing Packages/org.mixedrealitytoolkit.input/Assets/Prefabs/MRTK XR Rig.prefab using Guid(4d7e2f87fefe0ba468719b15288b46e7) Importer(815301076,1909f56bfc062723c751e8b465ee728b)  -> (artifact id: '7c5ba8aa453016736c912617469251eb') in 0.082804 seconds
Number of updated asset objects reloaded before import = 0
Number of asset objects unloaded after import = 491
========================================================================
Received Import Request.
  Time since last request: 0.893159 seconds.
  path: Packages/org.mixedrealitytoolkit.input/Visualizers/RiggedHandVisualizer/openxr_left_hand.prefab
  artifactKey: Guid(2b468cc4fe6d2b44ebc53b958b38b91a) Importer(815301076,1909f56bfc062723c751e8b465ee728b)
Start importing Packages/org.mixedrealitytoolkit.input/Visualizers/RiggedHandVisualizer/openxr_left_hand.prefab using Guid(2b468cc4fe6d2b44ebc53b958b38b91a) Importer(815301076,1909f56bfc062723c751e8b465ee728b)  -> (artifact id: '3c4aa9828b47820feb24d84653d47267') in 0.063779 seconds
Number of updated asset objects reloaded before import = 0
Number of asset objects unloaded after import = 145
========================================================================
Received Import Request.
  Time since last request: 11.819587 seconds.
  path: Packages/org.mixedrealitytoolkit.uxcomponents.noncanvas/Button/32x32/PressableButton_32x32mm_IconAndTextUnder.prefab
  artifactKey: Guid(e5dc70d9d8190674ea6e08d1403498d2) Importer(815301076,1909f56bfc062723c751e8b465ee728b)
Start importing Packages/org.mixedrealitytoolkit.uxcomponents.noncanvas/Button/32x32/PressableButton_32x32mm_IconAndTextUnder.prefab using Guid(e5dc70d9d8190674ea6e08d1403498d2) Importer(815301076,1909f56bfc062723c751e8b465ee728b)  -> (artifact id: 'f3cf2b1a7dd6db881374a90258c53f31') in 0.073358 seconds
Number of updated asset objects reloaded before import = 0
Number of asset objects unloaded after import = 427
========================================================================
Received Import Request.
  Time since last request: 0.591616 seconds.
  path: Packages/org.mixedrealitytoolkit.uxcomponents.noncanvas/Button/128x32/PressableButton_128x32mm_SinglelineTextWithSubtitle.prefab
  artifactKey: Guid(763be22d1f08e6741a7101dacd726814) Importer(815301076,1909f56bfc062723c751e8b465ee728b)
Start importing Packages/org.mixedrealitytoolkit.uxcomponents.noncanvas/Button/128x32/PressableButton_128x32mm_SinglelineTextWithSubtitle.prefab using Guid(763be22d1f08e6741a7101dacd726814) Importer(815301076,1909f56bfc062723c751e8b465ee728b)  -> (artifact id: 'ba5407ad524509de90697a8ac9e04a62') in 0.065361 seconds
Number of updated asset objects reloaded before import = 0
Number of asset objects unloaded after import = 257
========================================================================
Received Import Request.
  Time since last request: 0.489557 seconds.
  path: Packages/org.mixedrealitytoolkit.uxcomponents/Button/Prefabs/PressableButton_Custom_Cylinder.prefab
  artifactKey: Guid(698c502bf492aec45af6a7b04219d34b) Importer(815301076,1909f56bfc062723c751e8b465ee728b)
Start importing Packages/org.mixedrealitytoolkit.uxcomponents/Button/Prefabs/PressableButton_Custom_Cylinder.prefab using Guid(698c502bf492aec45af6a7b04219d34b) Importer(815301076,1909f56bfc062723c751e8b465ee728b)  -> (artifact id: 'a1516be4aab723c177d744ec4085d69f') in 0.242950 seconds
Number of updated asset objects reloaded before import = 0
Number of asset objects unloaded after import = 21
========================================================================
Received Import Request.
  Time since last request: 0.590621 seconds.
  path: Packages/org.mixedrealitytoolkit.uxcomponents.noncanvas/Slates/TitleBar.prefab
  artifactKey: Guid(0a1b473550575964795cb3e01a678613) Importer(815301076,1909f56bfc062723c751e8b465ee728b)
Start importing Packages/org.mixedrealitytoolkit.uxcomponents.noncanvas/Slates/TitleBar.prefab using Guid(0a1b473550575964795cb3e01a678613) Importer(815301076,1909f56bfc062723c751e8b465ee728b)  -> (artifact id: 'aee9ecf5538fba5794f1c96b9cdc76e2') in 0.074248 seconds
Number of updated asset objects reloaded before import = 0
Number of asset objects unloaded after import = 351
========================================================================
Received Import Request.
  Time since last request: 0.000033 seconds.
  path: Packages/org.mixedrealitytoolkit.uxcomponents.noncanvas/Toggles/ToggleableIcon.prefab
  artifactKey: Guid(cb7225c84c3f4104791f51760eaa1f03) Importer(815301076,1909f56bfc062723c751e8b465ee728b)
Start importing Packages/org.mixedrealitytoolkit.uxcomponents.noncanvas/Toggles/ToggleableIcon.prefab using Guid(cb7225c84c3f4104791f51760eaa1f03) Importer(815301076,1909f56bfc062723c751e8b465ee728b)  -> (artifact id: '84e6dcf62b745dea8f1817ccc8ac3b94') in 0.014002 seconds
Number of updated asset objects reloaded before import = 0
Number of asset objects unloaded after import = 11
========================================================================
Received Import Request.
  Time since last request: 2.649520 seconds.
  path: Packages/org.mixedrealitytoolkit.uxcomponents.noncanvas/Toggles/32x32/TogglePressableButton_32x32mm_Circular_IconOnly.prefab
  artifactKey: Guid(bf2a1b15162a4c340ac6e8675ff387c2) Importer(815301076,1909f56bfc062723c751e8b465ee728b)
Start importing Packages/org.mixedrealitytoolkit.uxcomponents.noncanvas/Toggles/32x32/TogglePressableButton_32x32mm_Circular_IconOnly.prefab using Guid(bf2a1b15162a4c340ac6e8675ff387c2) Importer(815301076,1909f56bfc062723c751e8b465ee728b)  -> (artifact id: '4e54ca75ade7056a0e2327c031ea5b2b') in 0.103436 seconds
Number of updated asset objects reloaded before import = 0
Number of asset objects unloaded after import = 799
========================================================================
Received Import Request.
  Time since last request: 0.000031 seconds.
  path: Packages/org.mixedrealitytoolkit.uxcomponents.noncanvas/Toggles/32x32/TogglePressableButton_32x32mm_Radio.prefab
  artifactKey: Guid(ebf6a177e3199274b8bd12a0c8157f29) Importer(815301076,1909f56bfc062723c751e8b465ee728b)
Start importing Packages/org.mixedrealitytoolkit.uxcomponents.noncanvas/Toggles/32x32/TogglePressableButton_32x32mm_Radio.prefab using Guid(ebf6a177e3199274b8bd12a0c8157f29) Importer(815301076,1909f56bfc062723c751e8b465ee728b)  -> (artifact id: '98492ffa7d0c815e43234c738c06f1d5') in 0.078700 seconds
Number of updated asset objects reloaded before import = 0
Number of asset objects unloaded after import = 614
========================================================================
Received Import Request.
  Time since last request: 0.743975 seconds.
  path: Packages/org.mixedrealitytoolkit.uxcomponents.noncanvas/Toggles/128x32/TogglePressableButton_128x32mm_RoundCheck_R.prefab
  artifactKey: Guid(d4ce83b8ab85d86408f92a7184cd4fad) Importer(815301076,1909f56bfc062723c751e8b465ee728b)
Start importing Packages/org.mixedrealitytoolkit.uxcomponents.noncanvas/Toggles/128x32/TogglePressableButton_128x32mm_RoundCheck_R.prefab using Guid(d4ce83b8ab85d86408f92a7184cd4fad) Importer(815301076,1909f56bfc062723c751e8b465ee728b)  -> (artifact id: '4544293f7835610affa9369ba721e9a9') in 0.061817 seconds
Number of updated asset objects reloaded before import = 0
Number of asset objects unloaded after import = 267
========================================================================
Received Import Request.
  Time since last request: 0.000216 seconds.
  path: Packages/org.mixedrealitytoolkit.uxcomponents.noncanvas/Toggles/128x32/TogglePressableButton_128x32mm_Switch_L.prefab
  artifactKey: Guid(c31c3c18fbaebe44c81393ab32d91b79) Importer(815301076,1909f56bfc062723c751e8b465ee728b)
Start importing Packages/org.mixedrealitytoolkit.uxcomponents.noncanvas/Toggles/128x32/TogglePressableButton_128x32mm_Switch_L.prefab using Guid(c31c3c18fbaebe44c81393ab32d91b79) Importer(815301076,1909f56bfc062723c751e8b465ee728b)  -> (artifact id: '6fcb36e81c67c860079c387e767bee8a') in 0.191159 seconds
Number of updated asset objects reloaded before import = 0
Number of asset objects unloaded after import = 408
========================================================================
Received Import Request.
  Time since last request: 0.454122 seconds.
  path: Packages/org.mixedrealitytoolkit.uxcomponents/ToggleIndicators/ToggleSwitch.prefab
  artifactKey: Guid(16750275763719646afa2c7c7592395d) Importer(815301076,1909f56bfc062723c751e8b465ee728b)
Start importing Packages/org.mixedrealitytoolkit.uxcomponents/ToggleIndicators/ToggleSwitch.prefab using Guid(16750275763719646afa2c7c7592395d) Importer(815301076,1909f56bfc062723c751e8b465ee728b)  -> (artifact id: 'de1088adfd9fa5eb3bfc68c928b61e53') in 0.005947 seconds
Number of updated asset objects reloaded before import = 0
Number of asset objects unloaded after import = 26
========================================================================
Received Import Request.
  Time since last request: 0.019843 seconds.
  path: Packages/org.mixedrealitytoolkit.uxcomponents.noncanvas/Slates/UIBackplate.prefab
  artifactKey: Guid(c2f49d0d909d3fc4bbc20d1cb743ab1d) Importer(815301076,1909f56bfc062723c751e8b465ee728b)
Start importing Packages/org.mixedrealitytoolkit.uxcomponents.noncanvas/Slates/UIBackplate.prefab using Guid(c2f49d0d909d3fc4bbc20d1cb743ab1d) Importer(815301076,1909f56bfc062723c751e8b465ee728b)  -> (artifact id: 'ad6cadc722f05d5223dde649de41af86') in 0.019006 seconds
Number of updated asset objects reloaded before import = 0
Number of asset objects unloaded after import = 13
========================================================================
Received Import Request.
  Time since last request: 0.000021 seconds.
  path: Packages/org.mixedrealitytoolkit.uxcomponents.noncanvas/Slates/UIBackplateInnerQuad.prefab
  artifactKey: Guid(e3ee2968344c0ee41b950a4d2ab94b4c) Importer(815301076,1909f56bfc062723c751e8b465ee728b)
Start importing Packages/org.mixedrealitytoolkit.uxcomponents.noncanvas/Slates/UIBackplateInnerQuad.prefab using Guid(e3ee2968344c0ee41b950a4d2ab94b4c) Importer(815301076,1909f56bfc062723c751e8b465ee728b)  -> (artifact id: '61134302e2feb62cd6b59eeb6e9e6c20') in 0.016586 seconds
Number of updated asset objects reloaded before import = 0
Number of asset objects unloaded after import = 11
========================================================================
Received Import Request.
  Time since last request: 0.000024 seconds.
  path: Packages/org.mixedrealitytoolkit.uxcomponents/Tests/Runtime/Prefabs/VerticalAndHortizontalScrollingTest.prefab
  artifactKey: Guid(5fded42d542378f4c9d2991767eb039b) Importer(815301076,1909f56bfc062723c751e8b465ee728b)
Start importing Packages/org.mixedrealitytoolkit.uxcomponents/Tests/Runtime/Prefabs/VerticalAndHortizontalScrollingTest.prefab using Guid(5fded42d542378f4c9d2991767eb039b) Importer(815301076,1909f56bfc062723c751e8b465ee728b)  -> (artifact id: 'f5e12b9275aae1b9315f20d835360865') in 0.097871 seconds
Number of updated asset objects reloaded before import = 0
Number of asset objects unloaded after import = 4242
Editor requested this worker to shutdown with reason: Scaling down because of idle timeout
TcpMessagingSession - receive error: operation aborted. errorcode: 995, details: The I/O operation has been aborted because of either a thread exit or an application request.
AssetImportWorker is now disconnected from the server
Process exiting
Exiting without the bug reporter. Application will terminate with return code 0