Using pre-set license
Built from '2022.3/release' branch; Version is '2022.3.12f1 (4fe6e059c7ef) revision 5236448'; Using compiler version '192829333'; Build Type 'Release'
OS: 'Windows 11  (10.0.22621) 64bit Core' Language: 'en' Physical Memory: 15791 MB
BatchMode: 1, IsHumanControllingUs: 0, StartBugReporterOnCrash: 0, Is64bit: 1, IsPro: 1

COMMAND LINE ARGUMENTS:
C:\Program Files\Unity\Hub\Editor\2022.3.12f1-x86_64\Editor\Unity.exe
-adb2
-batchMode
-noUpm
-name
AssetImportWorker1
-projectPath
C:/Users/conno/ThisWorks
-logFile
Logs/AssetImportWorker1.log
-srvPort
51838
Successfully changed project path to: C:/Users/conno/ThisWorks
C:/Users/conno/ThisWorks
[UnityMemory] Configuration Parameters - Can be set up in boot.config
    "memorysetup-bucket-allocator-granularity=16"
    "memorysetup-bucket-allocator-bucket-count=8"
    "memorysetup-bucket-allocator-block-size=33554432"
    "memorysetup-bucket-allocator-block-count=8"
    "memorysetup-main-allocator-block-size=16777216"
    "memorysetup-thread-allocator-block-size=16777216"
    "memorysetup-gfx-main-allocator-block-size=16777216"
    "memorysetup-gfx-thread-allocator-block-size=16777216"
    "memorysetup-cache-allocator-block-size=4194304"
    "memorysetup-typetree-allocator-block-size=2097152"
    "memorysetup-profiler-bucket-allocator-granularity=16"
    "memorysetup-profiler-bucket-allocator-bucket-count=8"
    "memorysetup-profiler-bucket-allocator-block-size=33554432"
    "memorysetup-profiler-bucket-allocator-block-count=8"
    "memorysetup-profiler-allocator-block-size=16777216"
    "memorysetup-profiler-editor-allocator-block-size=1048576"
    "memorysetup-temp-allocator-size-main=16777216"
    "memorysetup-job-temp-allocator-block-size=2097152"
    "memorysetup-job-temp-allocator-block-size-background=1048576"
    "memorysetup-job-temp-allocator-reduction-small-platforms=262144"
    "memorysetup-allocator-temp-initial-block-size-main=262144"
    "memorysetup-allocator-temp-initial-block-size-worker=262144"
    "memorysetup-temp-allocator-size-background-worker=32768"
    "memorysetup-temp-allocator-size-job-worker=262144"
    "memorysetup-temp-allocator-size-preload-manager=33554432"
    "memorysetup-temp-allocator-size-nav-mesh-worker=65536"
    "memorysetup-temp-allocator-size-audio-worker=65536"
    "memorysetup-temp-allocator-size-cloud-worker=32768"
    "memorysetup-temp-allocator-size-gi-baking-worker=262144"
    "memorysetup-temp-allocator-size-gfx=262144"
Player connection [33804] Host "[IP] 192.168.1.122 [Port] 0 [Flags] 2 [Guid] 3459343422 [EditorId] 3459343422 [Version] 1048832 [Id] WindowsEditor(7,ConnorLaptop) [Debug] 1 [PackageName] WindowsEditor [ProjectName] Editor" joined multi-casting on [225.0.0.222:54997]...

Player connection [33804] Host "[IP] 192.168.1.122 [Port] 0 [Flags] 2 [Guid] 3459343422 [EditorId] 3459343422 [Version] 1048832 [Id] WindowsEditor(7,ConnorLaptop) [Debug] 1 [PackageName] WindowsEditor [ProjectName] Editor" joined alternative multi-casting on [225.0.0.222:34997]...

[Physics::Module] Initialized MultithreadedJobDispatcher with 15 workers.
Refreshing native plugins compatible for Editor in 24.81 ms, found 16 plugins.
Preloading 0 native plugins for Editor in 0.00 ms.
Initialize engine version: 2022.3.12f1 (4fe6e059c7ef)
[Subsystems] Discovering subsystems at path C:/Program Files/Unity/Hub/Editor/2022.3.12f1-x86_64/Editor/Data/Resources/UnitySubsystems
[Subsystems] Discovering subsystems at path C:/Users/conno/ThisWorks/Assets
GfxDevice: creating device client; threaded=0; jobified=0
Direct3D:
    Version:  Direct3D 11.0 [level 11.1]
    Renderer: NVIDIA GeForce RTX 3080 Laptop GPU (ID=0x249c)
    Vendor:   NVIDIA
    VRAM:     8032 MB
    Driver:   31.0.15.4601
Initialize mono
Mono path[0] = 'C:/Program Files/Unity/Hub/Editor/2022.3.12f1-x86_64/Editor/Data/Managed'
Mono path[1] = 'C:/Program Files/Unity/Hub/Editor/2022.3.12f1-x86_64/Editor/Data/MonoBleedingEdge/lib/mono/unityjit-win32'
Mono config path = 'C:/Program Files/Unity/Hub/Editor/2022.3.12f1-x86_64/Editor/Data/MonoBleedingEdge/etc'
Using monoOptions --debugger-agent=transport=dt_socket,embedding=1,server=y,suspend=n,address=127.0.0.1:56392
Begin MonoManager ReloadAssembly
Registering precompiled unity dll's ...
Register platform support module: C:/Program Files/Unity/Hub/Editor/2022.3.12f1-x86_64/Editor/Data/PlaybackEngines/WindowsStandaloneSupport/UnityEditor.WindowsStandalone.Extensions.dll
Registered in 0.007747 seconds.
- Loaded All Assemblies, in  0.378 seconds
Native extension for WindowsStandalone target not found
Mono: successfully reloaded assembly
- Finished resetting the current domain, in  0.284 seconds
Domain Reload Profiling: 661ms
	BeginReloadAssembly (128ms)
		ExecutionOrderSort (0ms)
		DisableScriptedObjects (0ms)
		BackupInstance (0ms)
		ReleaseScriptingObjects (0ms)
		CreateAndSetChildDomain (1ms)
	RebuildCommonClasses (30ms)
	RebuildNativeTypeToScriptingClass (9ms)
	initialDomainReloadingComplete (59ms)
	LoadAllAssembliesAndSetupDomain (151ms)
		LoadAssemblies (125ms)
		RebuildTransferFunctionScriptingTraits (0ms)
		AnalyzeDomain (148ms)
			TypeCache.Refresh (146ms)
				TypeCache.ScanAssembly (129ms)
			ScanForSourceGeneratedMonoScriptInfo (1ms)
			ResolveRequiredComponents (1ms)
	FinalizeReload (285ms)
		ReleaseScriptCaches (0ms)
		RebuildScriptCaches (0ms)
		SetupLoadedEditorAssemblies (220ms)
			LogAssemblyErrors (0ms)
			InitializePlatformSupportModulesInManaged (9ms)
			SetLoadedEditorAssemblies (8ms)
			RefreshPlugins (0ms)
			BeforeProcessingInitializeOnLoad (2ms)
			ProcessInitializeOnLoadAttributes (146ms)
			ProcessInitializeOnLoadMethodAttributes (55ms)
			AfterProcessingInitializeOnLoad (0ms)
			EditorAssembliesLoaded (0ms)
		ExecutionOrderSort2 (0ms)
		AwakeInstancesAfterBackupRestoration (0ms)
========================================================================
Worker process is ready to serve import requests
Begin MonoManager ReloadAssembly
- Loaded All Assemblies, in  1.003 seconds
Refreshing native plugins compatible for Editor in 26.07 ms, found 16 plugins.
Native extension for WindowsStandalone target not found
Package Manager log level set to [2]
[Package Manager] Server::EnsureServerProcessIsRunning -- launch failed, reason: Unity was launched with the -noUpm command-line argument
[Package Manager] UpmClient::Send -- Unable to send message (not connected to UPM process).
[Package Manager] Cannot connect to Unity Package Manager local server
[Package Manager] Server::EnsureServerProcessIsRunning -- launch failed, reason: Unity was launched with the -noUpm command-line argument
[Package Manager] UpmClient::Send -- Unable to send message (not connected to UPM process).
[Package Manager] Cannot connect to Unity Package Manager local server
Mono: successfully reloaded assembly
[Package Manager] Server::EnsureServerProcessIsRunning -- launch failed, reason: Unity was launched with the -noUpm command-line argument
[Package Manager] UpmClient::Send -- Unable to send message (not connected to UPM process).
[Package Manager] Cannot connect to Unity Package Manager local server
[Package Manager] Server::EnsureServerProcessIsRunning -- launch failed, reason: Unity was launched with the -noUpm command-line argument
[Package Manager] UpmClient::Send -- Unable to send message (not connected to UPM process).
[Package Manager] Cannot connect to Unity Package Manager local server
- Finished resetting the current domain, in  0.848 seconds
Domain Reload Profiling: 1846ms
	BeginReloadAssembly (187ms)
		ExecutionOrderSort (0ms)
		DisableScriptedObjects (8ms)
		BackupInstance (0ms)
		ReleaseScriptingObjects (0ms)
		CreateAndSetChildDomain (32ms)
	RebuildCommonClasses (36ms)
	RebuildNativeTypeToScriptingClass (9ms)
	initialDomainReloadingComplete (51ms)
	LoadAllAssembliesAndSetupDomain (715ms)
		LoadAssemblies (488ms)
		RebuildTransferFunctionScriptingTraits (0ms)
		AnalyzeDomain (332ms)
			TypeCache.Refresh (273ms)
				TypeCache.ScanAssembly (248ms)
			ScanForSourceGeneratedMonoScriptInfo (41ms)
			ResolveRequiredComponents (15ms)
	FinalizeReload (848ms)
		ReleaseScriptCaches (0ms)
		RebuildScriptCaches (0ms)
		SetupLoadedEditorAssemblies (602ms)
			LogAssemblyErrors (0ms)
			InitializePlatformSupportModulesInManaged (7ms)
			SetLoadedEditorAssemblies (5ms)
			RefreshPlugins (0ms)
			BeforeProcessingInitializeOnLoad (107ms)
			ProcessInitializeOnLoadAttributes (386ms)
			ProcessInitializeOnLoadMethodAttributes (88ms)
			AfterProcessingInitializeOnLoad (8ms)
			EditorAssembliesLoaded (0ms)
		ExecutionOrderSort2 (0ms)
		AwakeInstancesAfterBackupRestoration (6ms)
Launched and connected shader compiler UnityShaderCompiler.exe after 0.07 seconds
Refreshing native plugins compatible for Editor in 18.52 ms, found 16 plugins.
Preloading 0 native plugins for Editor in 0.00 ms.
Unloading 5483 Unused Serialized files (Serialized files now loaded: 0)
Unloading 95 unused Assets / (1.3 MB). Loaded Objects now: 5927.
Memory consumption went from 191.4 MB to 190.1 MB.
Total: 9.792200 ms (FindLiveObjects: 0.861600 ms CreateObjectMapping: 0.753700 ms MarkObjects: 6.894000 ms  DeleteObjects: 1.280000 ms)

AssetImportParameters requested are different than current active one (requested -> active):
  custom:container-demuxer-ogg: 62fdf1f143b41e24485cea50d1cbac27 -> 
  custom:video-codec-MediaFoundation-h265: 746d11721c4dcdbdad8f713fa42b33f4 -> 
  custom:video-decoder-ogg-theora: a1e56fd34408186e4bbccfd4996cb3dc -> 
  custom:framework-win-MediaFoundation: 216162199b28c13a410421893ffa2e32 -> 
  custom:CustomObjectIndexerAttribute: 756ad292c208cfabdd7b50bc23989ffe -> 
  custom:container-demuxer-webm: 4f35f7cbe854078d1ac9338744f61a02 -> 
  custom:container-muxer-webm: aa71ff27fc2769a1b78a27578f13a17b -> 
  custom:video-decoder-webm-vp8: 9c59270c3fd7afecdb556c50c9e8de78 -> 
  custom:SearchIndexIgnoredProperties: e643bd26f0fe6173181afceb89e7c659 -> 
  custom:AudioImporter_EditorPlatform: d09bf68614088b80899f8185d706f6e7 -> 
  custom:video-encoder-webm-vp8: eb34c28f22e8b96e1ab97ce403110664 -> 
  custom:audio-decoder-ogg-vorbis: bf7c407c2cedff20999df2af8eb42d56 -> 
  custom:audio-encoder-webm-vorbis: bf7c407c2cedff20999df2af8eb42d56 -> 
========================================================================
Received Import Request.
  Time since last request: 272713.826384 seconds.
  path: Assets/XRI/Settings/Resources/XRDeviceSimulatorSettings.asset
  artifactKey: Guid(e96d03fa721e28b49acc1225412f97d1) Importer(2089858483,0ecaa5967403d082aa24f35e1b516d23)
Start importing Assets/XRI/Settings/Resources/XRDeviceSimulatorSettings.asset using Guid(e96d03fa721e28b49acc1225412f97d1) Importer(2089858483,0ecaa5967403d082aa24f35e1b516d23)  -> (artifact id: '24802d873cb18546c6c1954b63b4cd1e') in 0.115050 seconds
Number of updated asset objects reloaded before import = 0
Number of asset objects unloaded after import = 1
========================================================================
Received Import Request.
  Time since last request: 0.000041 seconds.
  path: Assets/XR/Settings/OpenXR Package Settings.asset
  artifactKey: Guid(71e37f0a094c98b428f8ebe8443f1239) Importer(2089858483,0ecaa5967403d082aa24f35e1b516d23)
Start importing Assets/XR/Settings/OpenXR Package Settings.asset using Guid(71e37f0a094c98b428f8ebe8443f1239) Importer(2089858483,0ecaa5967403d082aa24f35e1b516d23)  -> (artifact id: '2c8beb1258770bb93644a2c3d1280c50') in 0.094756 seconds
Number of updated asset objects reloaded before import = 0
Number of asset objects unloaded after import = 1
========================================================================
Received Prepare
Refreshing native plugins compatible for Editor in 14.21 ms, found 16 plugins.
Preloading 0 native plugins for Editor in 0.00 ms.
Unloading 10 Unused Serialized files (Serialized files now loaded: 0)
Unloading 11 unused Assets / (1.2 MB). Loaded Objects now: 5929.
Memory consumption went from 100.0 MB to 98.8 MB.
Total: 3.927700 ms (FindLiveObjects: 0.393900 ms CreateObjectMapping: 0.163900 ms MarkObjects: 2.781600 ms  DeleteObjects: 0.587600 ms)

Prepare: number of updated asset objects reloaded= 0
AssetImportParameters requested are different than current active one (requested -> active):
  colorSpace: 1 -> 0
  custom:container-demuxer-ogg: 62fdf1f143b41e24485cea50d1cbac27 -> 
  custom:video-codec-MediaFoundation-h265: 746d11721c4dcdbdad8f713fa42b33f4 -> 
  custom:video-decoder-ogg-theora: a1e56fd34408186e4bbccfd4996cb3dc -> 
  custom:framework-win-MediaFoundation: 216162199b28c13a410421893ffa2e32 -> 
  custom:CustomObjectIndexerAttribute: 756ad292c208cfabdd7b50bc23989ffe -> 
  custom:container-demuxer-webm: 4f35f7cbe854078d1ac9338744f61a02 -> 
  custom:container-muxer-webm: aa71ff27fc2769a1b78a27578f13a17b -> 
  custom:video-decoder-webm-vp8: 9c59270c3fd7afecdb556c50c9e8de78 -> 
  custom:SearchIndexIgnoredProperties: e643bd26f0fe6173181afceb89e7c659 -> 
  custom:AudioImporter_EditorPlatform: d09bf68614088b80899f8185d706f6e7 -> 
  custom:video-encoder-webm-vp8: eb34c28f22e8b96e1ab97ce403110664 -> 
  custom:graphics/active-color-space: 03000000000000000000000000000000 -> 02000000000000000000000000000000
  custom:audio-decoder-ogg-vorbis: bf7c407c2cedff20999df2af8eb42d56 -> 
  custom:audio-encoder-webm-vorbis: bf7c407c2cedff20999df2af8eb42d56 -> 
========================================================================
Received Import Request.
  Time since last request: 66.326998 seconds.
  path: Assets/MRTK.Generated
  artifactKey: Guid(ab590b46f0db535419c609cc8ffb3956) Importer(815301076,1909f56bfc062723c751e8b465ee728b)
Start importing Assets/MRTK.Generated using Guid(ab590b46f0db535419c609cc8ffb3956) Importer(815301076,1909f56bfc062723c751e8b465ee728b)  -> (artifact id: '127362068c001d00f58ef15681647f56') in 0.001519 seconds
Number of updated asset objects reloaded before import = 0
Number of asset objects unloaded after import = 0
========================================================================
Received Import Request.
  Time since last request: 0.106719 seconds.
  path: Assets/MRTK.Generated/MRTKSettings.asset
  artifactKey: Guid(12a2b8735a6d3f640abf744ac7f23729) Importer(815301076,1909f56bfc062723c751e8b465ee728b)
Start importing Assets/MRTK.Generated/MRTKSettings.asset using Guid(12a2b8735a6d3f640abf744ac7f23729) Importer(815301076,1909f56bfc062723c751e8b465ee728b)  -> (artifact id: '8359c3b438d469276c2ab10bf8611adb') in 0.009939 seconds
Number of updated asset objects reloaded before import = 0
Number of asset objects unloaded after import = 1
========================================================================
Received Import Request.
  Time since last request: 17.061636 seconds.
  path: Packages/org.mixedrealitytoolkit.uxcomponents/MRTK.UXComponents.asmdef
  artifactKey: Guid(807c3f29ae6e5484181299a42dba4a5f) Importer(815301076,1909f56bfc062723c751e8b465ee728b)
Start importing Packages/org.mixedrealitytoolkit.uxcomponents/MRTK.UXComponents.asmdef using Guid(807c3f29ae6e5484181299a42dba4a5f) Importer(815301076,1909f56bfc062723c751e8b465ee728b)  -> (artifact id: '8944f906168cfe78c15e838cfeb0aa53') in 0.000517 seconds
Number of updated asset objects reloaded before import = 0
Number of asset objects unloaded after import = 0
========================================================================
Received Import Request.
  Time since last request: 0.000352 seconds.
  path: Packages/org.mixedrealitytoolkit.uxcomponents/package.json
  artifactKey: Guid(ef6952df33de61b4194d062803e1e652) Importer(815301076,1909f56bfc062723c751e8b465ee728b)
Start importing Packages/org.mixedrealitytoolkit.uxcomponents/package.json using Guid(ef6952df33de61b4194d062803e1e652) Importer(815301076,1909f56bfc062723c751e8b465ee728b)  -> (artifact id: '7d30420480a7e2a90957c196723fffdc') in 0.000868 seconds
Number of updated asset objects reloaded before import = 0
Number of asset objects unloaded after import = 1
========================================================================
Received Import Request.
  Time since last request: 29.055777 seconds.
  path: Packages/org.mixedrealitytoolkit.uxcomponents/ButtonBar/CanvasButtonBar.prefab
  artifactKey: Guid(c2a4036cbd244524d828230f1bf7c12c) Importer(815301076,1909f56bfc062723c751e8b465ee728b)
Start importing Packages/org.mixedrealitytoolkit.uxcomponents/ButtonBar/CanvasButtonBar.prefab using Guid(c2a4036cbd244524d828230f1bf7c12c) Importer(815301076,1909f56bfc062723c751e8b465ee728b)  -> (artifact id: 'e07f2b981e7bf1544a78ef5e33181868') in 0.142586 seconds
Number of updated asset objects reloaded before import = 0
Number of asset objects unloaded after import = 361
========================================================================
Received Import Request.
  Time since last request: 0.000022 seconds.
  path: Packages/org.mixedrealitytoolkit.uxcomponents/Dialog/CanvasDialog.prefab
  artifactKey: Guid(cca6164bb2744884a92a100266f5f3aa) Importer(815301076,1909f56bfc062723c751e8b465ee728b)
Start importing Packages/org.mixedrealitytoolkit.uxcomponents/Dialog/CanvasDialog.prefab using Guid(cca6164bb2744884a92a100266f5f3aa) Importer(815301076,1909f56bfc062723c751e8b465ee728b)  -> (artifact id: 'ef4396c496e3de417df74088b2257264') in 0.060350 seconds
Number of updated asset objects reloaded before import = 0
Number of asset objects unloaded after import = 309
========================================================================
Received Import Request.
  Time since last request: 0.000028 seconds.
  path: Packages/org.mixedrealitytoolkit.spatialmanipulation/BoundsControl/Prefabs/CursorRotateArrows.prefab
  artifactKey: Guid(2becf02efbfc7bf409ad412e38f464f8) Importer(815301076,1909f56bfc062723c751e8b465ee728b)
Start importing Packages/org.mixedrealitytoolkit.spatialmanipulation/BoundsControl/Prefabs/CursorRotateArrows.prefab using Guid(2becf02efbfc7bf409ad412e38f464f8) Importer(815301076,1909f56bfc062723c751e8b465ee728b)  -> (artifact id: 'fd0ff66978ba983b56e9165e28db5514') in 0.219717 seconds
Number of updated asset objects reloaded before import = 0
Number of asset objects unloaded after import = 10
========================================================================
Received Import Request.
  Time since last request: 0.000031 seconds.
  path: Packages/org.mixedrealitytoolkit.spatialmanipulation/BoundsControl/Prefabs/CursorMoveArrows.prefab
  artifactKey: Guid(eed09895eda47964bbc6ac91039b18a2) Importer(815301076,1909f56bfc062723c751e8b465ee728b)
Start importing Packages/org.mixedrealitytoolkit.spatialmanipulation/BoundsControl/Prefabs/CursorMoveArrows.prefab using Guid(eed09895eda47964bbc6ac91039b18a2) Importer(815301076,1909f56bfc062723c751e8b465ee728b)  -> (artifact id: 'e6325c8151f77c5ab2c5354f3953e876') in 0.019233 seconds
Number of updated asset objects reloaded before import = 0
Number of asset objects unloaded after import = 10
========================================================================
Received Import Request.
  Time since last request: 0.000038 seconds.
  path: Packages/org.mixedrealitytoolkit.uxcomponents/ButtonBar/CanvasButtonBar_Toggles.prefab
  artifactKey: Guid(a4e268f9a13a98846abcddfeb5d45eef) Importer(815301076,1909f56bfc062723c751e8b465ee728b)
Start importing Packages/org.mixedrealitytoolkit.uxcomponents/ButtonBar/CanvasButtonBar_Toggles.prefab using Guid(a4e268f9a13a98846abcddfeb5d45eef) Importer(815301076,1909f56bfc062723c751e8b465ee728b)  -> (artifact id: 'a5175be0691df380fe7b984e03fbfb2c') in 0.048586 seconds
Number of updated asset objects reloaded before import = 0
Number of asset objects unloaded after import = 711
========================================================================
Received Import Request.
  Time since last request: 0.000022 seconds.
  path: Packages/org.mixedrealitytoolkit.uxcomponents/Slider/CanvasSlider.prefab
  artifactKey: Guid(f64620d502cdf0f429efa27703913cb7) Importer(815301076,1909f56bfc062723c751e8b465ee728b)
Start importing Packages/org.mixedrealitytoolkit.uxcomponents/Slider/CanvasSlider.prefab using Guid(f64620d502cdf0f429efa27703913cb7) Importer(815301076,1909f56bfc062723c751e8b465ee728b)  -> (artifact id: '98e2fd5af2223fdaf136547361c6ddee') in 0.020947 seconds
Number of updated asset objects reloaded before import = 0
Number of asset objects unloaded after import = 44
========================================================================
Received Import Request.
  Time since last request: 0.000018 seconds.
  path: Packages/org.mixedrealitytoolkit.uxcomponents/Button/Prefabs/CanvasButtonToggleSwitch.prefab
  artifactKey: Guid(6d114d8c9f4193b45b685f408022743e) Importer(815301076,1909f56bfc062723c751e8b465ee728b)
Start importing Packages/org.mixedrealitytoolkit.uxcomponents/Button/Prefabs/CanvasButtonToggleSwitch.prefab using Guid(6d114d8c9f4193b45b685f408022743e) Importer(815301076,1909f56bfc062723c751e8b465ee728b)  -> (artifact id: 'f82cd625a3fde36a68ae8fc68649594b') in 0.027275 seconds
Number of updated asset objects reloaded before import = 0
Number of asset objects unloaded after import = 149
========================================================================
Received Import Request.
  Time since last request: 1.032038 seconds.
  path: Packages/org.mixedrealitytoolkit.accessibility/Tests/Runtime/DescribableObjectTestCube.prefab
  artifactKey: Guid(d10f05ae3a6402045b70860918544ed9) Importer(815301076,1909f56bfc062723c751e8b465ee728b)
Start importing Packages/org.mixedrealitytoolkit.accessibility/Tests/Runtime/DescribableObjectTestCube.prefab using Guid(d10f05ae3a6402045b70860918544ed9) Importer(815301076,1909f56bfc062723c751e8b465ee728b)  -> (artifact id: 'cd7f8b3527177e0da6e47089790155c0') in 0.065817 seconds
Number of updated asset objects reloaded before import = 0
Number of asset objects unloaded after import = 10
========================================================================
Received Import Request.
  Time since last request: 0.000016 seconds.
  path: Packages/org.mixedrealitytoolkit.uxcomponents.noncanvas/Dialog/Dialog_168x108mm.prefab
  artifactKey: Guid(bfe51893e22a0e7409eb17d0da463178) Importer(815301076,1909f56bfc062723c751e8b465ee728b)
Start importing Packages/org.mixedrealitytoolkit.uxcomponents.noncanvas/Dialog/Dialog_168x108mm.prefab using Guid(bfe51893e22a0e7409eb17d0da463178) Importer(815301076,1909f56bfc062723c751e8b465ee728b)  -> (artifact id: 'b42a1dbd8aae41ffc95c45a7c375fa5d') in 0.260934 seconds
Number of updated asset objects reloaded before import = 0
Number of asset objects unloaded after import = 885
========================================================================
Received Import Request.
  Time since last request: 0.000021 seconds.
  path: Packages/org.mixedrealitytoolkit.uxcomponents/HandMenu/HandMenuBase.prefab
  artifactKey: Guid(506cbd034c7d76f45b0ef11fe23b8e53) Importer(815301076,1909f56bfc062723c751e8b465ee728b)
Start importing Packages/org.mixedrealitytoolkit.uxcomponents/HandMenu/HandMenuBase.prefab using Guid(506cbd034c7d76f45b0ef11fe23b8e53) Importer(815301076,1909f56bfc062723c751e8b465ee728b)  -> (artifact id: 'c9eabff353fcc16ec3d24de381885464') in 0.038466 seconds
Number of updated asset objects reloaded before import = 0
Number of asset objects unloaded after import = 370
========================================================================
Received Import Request.
  Time since last request: 0.000029 seconds.
  path: Packages/org.mixedrealitytoolkit.uxcomponents/Button/Prefabs/Empty Button.prefab
  artifactKey: Guid(b85e005d231192249b7077b40a4d4e45) Importer(815301076,1909f56bfc062723c751e8b465ee728b)
Start importing Packages/org.mixedrealitytoolkit.uxcomponents/Button/Prefabs/Empty Button.prefab using Guid(b85e005d231192249b7077b40a4d4e45) Importer(815301076,1909f56bfc062723c751e8b465ee728b)  -> (artifact id: 'ac805276f70cf69fd2dbcab4359c0cba') in 0.019143 seconds
Number of updated asset objects reloaded before import = 0
Number of asset objects unloaded after import = 70
========================================================================
Received Import Request.
  Time since last request: 0.579979 seconds.
  path: Packages/org.mixedrealitytoolkit.uxcomponents.noncanvas/ButtonGroup/ButtonGroup_32x32mm_H3.prefab
  artifactKey: Guid(180d4d2203473be4fa3fef18d0bec80e) Importer(815301076,1909f56bfc062723c751e8b465ee728b)
Start importing Packages/org.mixedrealitytoolkit.uxcomponents.noncanvas/ButtonGroup/ButtonGroup_32x32mm_H3.prefab using Guid(180d4d2203473be4fa3fef18d0bec80e) Importer(815301076,1909f56bfc062723c751e8b465ee728b)  -> (artifact id: '2652fb87f272f2610ddf0c54126f152f') in 0.105410 seconds
Number of updated asset objects reloaded before import = 0
Number of asset objects unloaded after import = 1234
========================================================================
Received Import Request.
  Time since last request: 0.312610 seconds.
  path: Packages/org.mixedrealitytoolkit.spatialmanipulation/BoundsControl/Prefabs/BoundingBoxWithHandles.prefab
  artifactKey: Guid(7b542306e34a62f4c9a822fcb19b7d99) Importer(815301076,1909f56bfc062723c751e8b465ee728b)
Start importing Packages/org.mixedrealitytoolkit.spatialmanipulation/BoundsControl/Prefabs/BoundingBoxWithHandles.prefab using Guid(7b542306e34a62f4c9a822fcb19b7d99) Importer(815301076,1909f56bfc062723c751e8b465ee728b)  -> (artifact id: 'f60977a7533d40070a5000e63e7bd087') in 0.081749 seconds
Number of updated asset objects reloaded before import = 0
Number of asset objects unloaded after import = 322
========================================================================
Received Import Request.
  Time since last request: 0.010451 seconds.
  path: Packages/com.unity.xr.arfoundation/Assets/Prefabs/ARPointCloud.prefab
  artifactKey: Guid(2a91e1f16d3bef84eb6c25e4c6a63fdb) Importer(815301076,1909f56bfc062723c751e8b465ee728b)
Start importing Packages/com.unity.xr.arfoundation/Assets/Prefabs/ARPointCloud.prefab using Guid(2a91e1f16d3bef84eb6c25e4c6a63fdb) Importer(815301076,1909f56bfc062723c751e8b465ee728b)  -> (artifact id: 'ddb7156697cc60c40e54886a564bd4ce') in 0.045622 seconds
Number of updated asset objects reloaded before import = 0
Number of asset objects unloaded after import = 8
========================================================================
Received Import Request.
  Time since last request: 0.000022 seconds.
  path: Packages/com.unity.xr.arfoundation/Assets/Prefabs/AnchorTransform.prefab
  artifactKey: Guid(779f5eab1277241d6b58ee2c44909b20) Importer(815301076,1909f56bfc062723c751e8b465ee728b)
Start importing Packages/com.unity.xr.arfoundation/Assets/Prefabs/AnchorTransform.prefab using Guid(779f5eab1277241d6b58ee2c44909b20) Importer(815301076,1909f56bfc062723c751e8b465ee728b)  -> (artifact id: '534c82d03a2159d0bfe22989344d89f2') in 0.018204 seconds
Number of updated asset objects reloaded before import = 0
Number of asset objects unloaded after import = 26
========================================================================
Received Import Request.
  Time since last request: 2.451585 seconds.
  path: Packages/org.mixedrealitytoolkit.uxcomponents.noncanvas/ObjectBar/HorizontalAppBarWithDivider.prefab
  artifactKey: Guid(c9b1a111fa131cc48b6c4daedd47efe3) Importer(815301076,1909f56bfc062723c751e8b465ee728b)
Start importing Packages/org.mixedrealitytoolkit.uxcomponents.noncanvas/ObjectBar/HorizontalAppBarWithDivider.prefab using Guid(c9b1a111fa131cc48b6c4daedd47efe3) Importer(815301076,1909f56bfc062723c751e8b465ee728b)  -> (artifact id: 'a57b79867632c3fa3a8c744f5d65f701') in 0.122879 seconds
Number of updated asset objects reloaded before import = 0
Number of asset objects unloaded after import = 777
========================================================================
Received Import Request.
  Time since last request: 1.152370 seconds.
  path: Packages/org.mixedrealitytoolkit.uxcomponents.noncanvas/ListMenu/ListMenu_132x168mm_ToggleSwitch.prefab
  artifactKey: Guid(dddb70eddc7beb941855963d99461502) Importer(815301076,1909f56bfc062723c751e8b465ee728b)
Start importing Packages/org.mixedrealitytoolkit.uxcomponents.noncanvas/ListMenu/ListMenu_132x168mm_ToggleSwitch.prefab using Guid(dddb70eddc7beb941855963d99461502) Importer(815301076,1909f56bfc062723c751e8b465ee728b)  -> (artifact id: '70b67e3a4215e9e3a9aefb19d42e353b') in 0.100694 seconds
Number of updated asset objects reloaded before import = 0
Number of asset objects unloaded after import = 1482
========================================================================
Received Import Request.
  Time since last request: 0.000023 seconds.
  path: Packages/org.mixedrealitytoolkit.uxcomponents.noncanvas/ListMenu/ListMenuBase_168x168mm.prefab
  artifactKey: Guid(6567dce352f0d514498586fe24081f1c) Importer(815301076,1909f56bfc062723c751e8b465ee728b)
Start importing Packages/org.mixedrealitytoolkit.uxcomponents.noncanvas/ListMenu/ListMenuBase_168x168mm.prefab using Guid(6567dce352f0d514498586fe24081f1c) Importer(815301076,1909f56bfc062723c751e8b465ee728b)  -> (artifact id: '552131dc480ac1ee3647bf81c8e6b781') in 0.074949 seconds
Number of updated asset objects reloaded before import = 0
Number of asset objects unloaded after import = 606
========================================================================
Received Import Request.
  Time since last request: 0.000046 seconds.
  path: Packages/org.mixedrealitytoolkit.uxcomponents.noncanvas/ListMenu/ListMenuBase_132x168mm.prefab
  artifactKey: Guid(d54d4850a15598940b56df0456b98b18) Importer(815301076,1909f56bfc062723c751e8b465ee728b)
Start importing Packages/org.mixedrealitytoolkit.uxcomponents.noncanvas/ListMenu/ListMenuBase_132x168mm.prefab using Guid(d54d4850a15598940b56df0456b98b18) Importer(815301076,1909f56bfc062723c751e8b465ee728b)  -> (artifact id: 'd415d603d68599d1d8046bb0e48c45f0') in 0.175674 seconds
Number of updated asset objects reloaded before import = 0
Number of asset objects unloaded after import = 756
========================================================================
Received Import Request.
  Time since last request: 0.664176 seconds.
  path: Packages/org.mixedrealitytoolkit.input/Experimental/SpatialMouse/InteractorVisuals/SpatialMouse/MouseCursor.prefab
  artifactKey: Guid(f7c9215713002d34a9107dd69004e749) Importer(815301076,1909f56bfc062723c751e8b465ee728b)
Start importing Packages/org.mixedrealitytoolkit.input/Experimental/SpatialMouse/InteractorVisuals/SpatialMouse/MouseCursor.prefab using Guid(f7c9215713002d34a9107dd69004e749) Importer(815301076,1909f56bfc062723c751e8b465ee728b)  -> (artifact id: 'b090b31268c7d648c03c8a8c25d084e4') in 0.013464 seconds
Number of updated asset objects reloaded before import = 0
Number of asset objects unloaded after import = 10
========================================================================
Received Import Request.
  Time since last request: 0.001620 seconds.
  path: Packages/org.mixedrealitytoolkit.input/Assets/Prefabs/MRTK Gaze Controller.prefab
  artifactKey: Guid(6f3af2a8508960843b36fb9d64de2bc2) Importer(815301076,1909f56bfc062723c751e8b465ee728b)
Start importing Packages/org.mixedrealitytoolkit.input/Assets/Prefabs/MRTK Gaze Controller.prefab using Guid(6f3af2a8508960843b36fb9d64de2bc2) Importer(815301076,1909f56bfc062723c751e8b465ee728b)  -> (artifact id: 'a5935f99eb8b695ddc343beab7e019b3') in 0.013079 seconds
Number of updated asset objects reloaded before import = 0
Number of asset objects unloaded after import = 16
========================================================================
Received Import Request.
  Time since last request: 0.017777 seconds.
  path: Packages/org.mixedrealitytoolkit.input/Assets/Prefabs/MRTK LeftHand Controller.prefab
  artifactKey: Guid(c89f12cb641c27e47b7b71af1d6518a5) Importer(815301076,1909f56bfc062723c751e8b465ee728b)
Start importing Packages/org.mixedrealitytoolkit.input/Assets/Prefabs/MRTK LeftHand Controller.prefab using Guid(c89f12cb641c27e47b7b71af1d6518a5) Importer(815301076,1909f56bfc062723c751e8b465ee728b)  -> (artifact id: 'be76cb0539d730a5bfc9d57315214d4f') in 0.052199 seconds
Number of updated asset objects reloaded before import = 0
Number of asset objects unloaded after import = 238
========================================================================
Received Import Request.
  Time since last request: 0.000019 seconds.
  path: Packages/org.mixedrealitytoolkit.standardassets/Prefabs/MRTK_BoundingBox_RotateHandle.prefab
  artifactKey: Guid(69e07a41eaeaf5e408199603ece5e449) Importer(815301076,1909f56bfc062723c751e8b465ee728b)
Start importing Packages/org.mixedrealitytoolkit.standardassets/Prefabs/MRTK_BoundingBox_RotateHandle.prefab using Guid(69e07a41eaeaf5e408199603ece5e449) Importer(815301076,1909f56bfc062723c751e8b465ee728b)  -> (artifact id: 'cdce88fd353eb4ffc6aa26de8dd315c5') in 0.013849 seconds
Number of updated asset objects reloaded before import = 0
Number of asset objects unloaded after import = 8
========================================================================
Received Import Request.
  Time since last request: 0.824794 seconds.
  path: Packages/org.mixedrealitytoolkit.standardassets/Prefabs/MRTK_BoundingBox_TranslateHandle.prefab
  artifactKey: Guid(36104d131cc1c8e4b9fd97140be75871) Importer(815301076,1909f56bfc062723c751e8b465ee728b)
Start importing Packages/org.mixedrealitytoolkit.standardassets/Prefabs/MRTK_BoundingBox_TranslateHandle.prefab using Guid(36104d131cc1c8e4b9fd97140be75871) Importer(815301076,1909f56bfc062723c751e8b465ee728b)  -> (artifact id: '797fae40d5928b4cd7b7e477d91da7e7') in 0.014685 seconds
Number of updated asset objects reloaded before import = 0
Number of asset objects unloaded after import = 8
========================================================================
Received Import Request.
  Time since last request: 0.028304 seconds.
  path: Packages/org.mixedrealitytoolkit.uxcomponents/InputField/MRTKTMPInputField.prefab
  artifactKey: Guid(d4ba24552c5dc52438a24daebf18b488) Importer(815301076,1909f56bfc062723c751e8b465ee728b)
Start importing Packages/org.mixedrealitytoolkit.uxcomponents/InputField/MRTKTMPInputField.prefab using Guid(d4ba24552c5dc52438a24daebf18b488) Importer(815301076,1909f56bfc062723c751e8b465ee728b)  -> (artifact id: '7c7abd2e6d38283bb6b2cacf6a475377') in 0.022950 seconds
Number of updated asset objects reloaded before import = 0
Number of asset objects unloaded after import = 142
========================================================================
Received Import Request.
  Time since last request: 0.000609 seconds.
  path: Packages/org.mixedrealitytoolkit.uxcomponents/NearMenu/NearMenuBase.prefab
  artifactKey: Guid(f443144a6d408c34bb8a7d70a73644c4) Importer(815301076,1909f56bfc062723c751e8b465ee728b)
Start importing Packages/org.mixedrealitytoolkit.uxcomponents/NearMenu/NearMenuBase.prefab using Guid(f443144a6d408c34bb8a7d70a73644c4) Importer(815301076,1909f56bfc062723c751e8b465ee728b)  -> (artifact id: '3ec0ac41e9fe6e066c3e873acaf014f1') in 0.036903 seconds
Number of updated asset objects reloaded before import = 0
Number of asset objects unloaded after import = 391
========================================================================
Received Import Request.
  Time since last request: 0.004159 seconds.
  path: Packages/org.mixedrealitytoolkit.input/Assets/Prefabs/Obsolete MRTK Hand Controller.prefab
  artifactKey: Guid(a9ae130324a36134e99beedf50e7be6f) Importer(815301076,1909f56bfc062723c751e8b465ee728b)
Start importing Packages/org.mixedrealitytoolkit.input/Assets/Prefabs/Obsolete MRTK Hand Controller.prefab using Guid(a9ae130324a36134e99beedf50e7be6f) Importer(815301076,1909f56bfc062723c751e8b465ee728b)  -> (artifact id: '803177d85e9568ef39c5968647dd2634') in 0.014648 seconds
Number of updated asset objects reloaded before import = 0
Number of asset objects unloaded after import = 97
========================================================================
Received Import Request.
  Time since last request: 0.020443 seconds.
  path: Packages/org.mixedrealitytoolkit.input/Visualizers/RiggedHandVisualizer/openxr_right_hand.prefab
  artifactKey: Guid(da93d751ddc0f64468dfc02f18d02d00) Importer(815301076,1909f56bfc062723c751e8b465ee728b)
Start importing Packages/org.mixedrealitytoolkit.input/Visualizers/RiggedHandVisualizer/openxr_right_hand.prefab using Guid(da93d751ddc0f64468dfc02f18d02d00) Importer(815301076,1909f56bfc062723c751e8b465ee728b)  -> (artifact id: '4a2063281def7a7e9441d0943a0a5e78') in 0.052243 seconds
Number of updated asset objects reloaded before import = 0
Number of asset objects unloaded after import = 73
========================================================================
Received Import Request.
  Time since last request: 8.209358 seconds.
  path: Packages/org.mixedrealitytoolkit.extendedassets/Models/PianoBlackKey.prefab
  artifactKey: Guid(3092be637eba36446a14b2e6b486f72b) Importer(815301076,1909f56bfc062723c751e8b465ee728b)
Start importing Packages/org.mixedrealitytoolkit.extendedassets/Models/PianoBlackKey.prefab using Guid(3092be637eba36446a14b2e6b486f72b) Importer(815301076,1909f56bfc062723c751e8b465ee728b)  -> (artifact id: '027f5a1a169eb55670f84e27de877c52') in 0.017844 seconds
Number of updated asset objects reloaded before import = 0
Number of asset objects unloaded after import = 34
========================================================================
Received Import Request.
  Time since last request: 3.490139 seconds.
  path: Packages/org.mixedrealitytoolkit.uxcomponents.noncanvas/Button/32x32/PressableButton_32x32mm_Circular_IconOnly.prefab
  artifactKey: Guid(10ef59517c853ba4a80cf2331a560f63) Importer(815301076,1909f56bfc062723c751e8b465ee728b)
Start importing Packages/org.mixedrealitytoolkit.uxcomponents.noncanvas/Button/32x32/PressableButton_32x32mm_Circular_IconOnly.prefab using Guid(10ef59517c853ba4a80cf2331a560f63) Importer(815301076,1909f56bfc062723c751e8b465ee728b)  -> (artifact id: '6575714ce59f720278d72cd1fafd7c3e') in 0.059235 seconds
Number of updated asset objects reloaded before import = 0
Number of asset objects unloaded after import = 342
========================================================================
Received Import Request.
  Time since last request: 0.013229 seconds.
  path: Packages/org.mixedrealitytoolkit.uxcomponents.noncanvas/Button/32x32/PressableButton_32x32mm_IconAndText_NoBackPlates.prefab
  artifactKey: Guid(6ce24ddaab37c8c4aa01ee45349b4583) Importer(815301076,1909f56bfc062723c751e8b465ee728b)
Start importing Packages/org.mixedrealitytoolkit.uxcomponents.noncanvas/Button/32x32/PressableButton_32x32mm_IconAndText_NoBackPlates.prefab using Guid(6ce24ddaab37c8c4aa01ee45349b4583) Importer(815301076,1909f56bfc062723c751e8b465ee728b)  -> (artifact id: '8777a034a8a582e0da46f52b35fceee4') in 0.069336 seconds
Number of updated asset objects reloaded before import = 0
Number of asset objects unloaded after import = 423
========================================================================
Received Import Request.
  Time since last request: 0.498065 seconds.
  path: Packages/org.mixedrealitytoolkit.uxcomponents.noncanvas/Button/80x32/PressableButton_80x32mm_SingleLineText.prefab
  artifactKey: Guid(dc7ef7d5625c3454ab5097673a207485) Importer(815301076,1909f56bfc062723c751e8b465ee728b)
Start importing Packages/org.mixedrealitytoolkit.uxcomponents.noncanvas/Button/80x32/PressableButton_80x32mm_SingleLineText.prefab using Guid(dc7ef7d5625c3454ab5097673a207485) Importer(815301076,1909f56bfc062723c751e8b465ee728b)  -> (artifact id: 'ffc749fd9b9c39fbc80f26c3222e37ea') in 0.054737 seconds
Number of updated asset objects reloaded before import = 0
Number of asset objects unloaded after import = 253
========================================================================
Received Import Request.
  Time since last request: 0.000023 seconds.
  path: Packages/org.mixedrealitytoolkit.uxcomponents.noncanvas/Button/128x32/PressableButton_128x32mm_IconAndText_L.prefab
  artifactKey: Guid(8ace9c04082e8ce4ea440f9bef681ce3) Importer(815301076,1909f56bfc062723c751e8b465ee728b)
Start importing Packages/org.mixedrealitytoolkit.uxcomponents.noncanvas/Button/128x32/PressableButton_128x32mm_IconAndText_L.prefab using Guid(8ace9c04082e8ce4ea440f9bef681ce3) Importer(815301076,1909f56bfc062723c751e8b465ee728b)  -> (artifact id: 'e5c7b49163bacecaf512bd0627a16fa3') in 0.066481 seconds
Number of updated asset objects reloaded before import = 0
Number of asset objects unloaded after import = 255
========================================================================
Received Import Request.
  Time since last request: 0.034244 seconds.
  path: Packages/org.mixedrealitytoolkit.uxcomponents.noncanvas/Button/128x32/PressableButton_128x32mm_SubtitleWithSinglelineText.prefab
  artifactKey: Guid(63232efbe4f6ab74489b56508d9ba70f) Importer(815301076,1909f56bfc062723c751e8b465ee728b)
Start importing Packages/org.mixedrealitytoolkit.uxcomponents.noncanvas/Button/128x32/PressableButton_128x32mm_SubtitleWithSinglelineText.prefab using Guid(63232efbe4f6ab74489b56508d9ba70f) Importer(815301076,1909f56bfc062723c751e8b465ee728b)  -> (artifact id: '1138968677043853461968ad3872289d') in 0.062783 seconds
Number of updated asset objects reloaded before import = 0
Number of asset objects unloaded after import = 344
========================================================================
Received Import Request.
  Time since last request: 0.407604 seconds.
  path: Packages/org.mixedrealitytoolkit.uxcomponents.noncanvas/Button/160x32/PressableButton_160x32mm_SingleLineText.prefab
  artifactKey: Guid(3e816bc244e720a44bdea29af72e0b8b) Importer(815301076,1909f56bfc062723c751e8b465ee728b)
Start importing Packages/org.mixedrealitytoolkit.uxcomponents.noncanvas/Button/160x32/PressableButton_160x32mm_SingleLineText.prefab using Guid(3e816bc244e720a44bdea29af72e0b8b) Importer(815301076,1909f56bfc062723c751e8b465ee728b)  -> (artifact id: 'b704fa55585886c1b7d10e4a0726bb92') in 0.054269 seconds
Number of updated asset objects reloaded before import = 0
Number of asset objects unloaded after import = 253
========================================================================
Received Import Request.
  Time since last request: 0.020821 seconds.
  path: Packages/org.mixedrealitytoolkit.spatialmanipulation/BoundsControl/Prefabs/RotateHandle.prefab
  artifactKey: Guid(b475f5cfd3a24ff4dadda4a9f34acd4b) Importer(815301076,1909f56bfc062723c751e8b465ee728b)
Start importing Packages/org.mixedrealitytoolkit.spatialmanipulation/BoundsControl/Prefabs/RotateHandle.prefab using Guid(b475f5cfd3a24ff4dadda4a9f34acd4b) Importer(815301076,1909f56bfc062723c751e8b465ee728b)  -> (artifact id: '9d1723a04eb645ba8022a1b649ce9445') in 0.015845 seconds
Number of updated asset objects reloaded before import = 0
Number of asset objects unloaded after import = 33
========================================================================
Received Import Request.
  Time since last request: 0.680609 seconds.
  path: Packages/org.mixedrealitytoolkit.uxcomponents/SeeItSayItLabel/SeeItSayItLabel-Canvas.prefab
  artifactKey: Guid(d9e84b5a8037fd946aa503a059fee93f) Importer(815301076,1909f56bfc062723c751e8b465ee728b)
Start importing Packages/org.mixedrealitytoolkit.uxcomponents/SeeItSayItLabel/SeeItSayItLabel-Canvas.prefab using Guid(d9e84b5a8037fd946aa503a059fee93f) Importer(815301076,1909f56bfc062723c751e8b465ee728b)  -> (artifact id: 'ed22f4d9a2fd78c542db470b3485b3bb') in 0.012656 seconds
Number of updated asset objects reloaded before import = 0
Number of asset objects unloaded after import = 29
========================================================================
Received Import Request.
  Time since last request: 0.014368 seconds.
  path: Packages/org.mixedrealitytoolkit.diagnostics/Visualizers/SimpleProfiler.prefab
  artifactKey: Guid(c07c4bd04b45c014fad0e3cd30747f06) Importer(815301076,1909f56bfc062723c751e8b465ee728b)
Start importing Packages/org.mixedrealitytoolkit.diagnostics/Visualizers/SimpleProfiler.prefab using Guid(c07c4bd04b45c014fad0e3cd30747f06) Importer(815301076,1909f56bfc062723c751e8b465ee728b)  -> (artifact id: '6b20c4730c204e3928a82f303b73b301') in 0.003392 seconds
Number of updated asset objects reloaded before import = 0
Number of asset objects unloaded after import = 57
========================================================================
Received Import Request.
  Time since last request: 0.024499 seconds.
  path: Packages/org.mixedrealitytoolkit.uxcomponents.noncanvas/Slider/Slider_168x40mm_Base.prefab
  artifactKey: Guid(882e525521c52cb4ab9230fe77b5cd72) Importer(815301076,1909f56bfc062723c751e8b465ee728b)
Start importing Packages/org.mixedrealitytoolkit.uxcomponents.noncanvas/Slider/Slider_168x40mm_Base.prefab using Guid(882e525521c52cb4ab9230fe77b5cd72) Importer(815301076,1909f56bfc062723c751e8b465ee728b)  -> (artifact id: 'f8c8d3f6c44be11dc31c5dcb061d593b') in 0.209497 seconds
Number of updated asset objects reloaded before import = 0
Number of asset objects unloaded after import = 102
========================================================================
Received Import Request.
  Time since last request: 2.505494 seconds.
  path: Packages/org.mixedrealitytoolkit.uxcomponents.noncanvas/Toggles/ToggleableSwitch.prefab
  artifactKey: Guid(73fe1e0781857a548bdd21f3e344f650) Importer(815301076,1909f56bfc062723c751e8b465ee728b)
Start importing Packages/org.mixedrealitytoolkit.uxcomponents.noncanvas/Toggles/ToggleableSwitch.prefab using Guid(73fe1e0781857a548bdd21f3e344f650) Importer(815301076,1909f56bfc062723c751e8b465ee728b)  -> (artifact id: '8e09fb2d47be2b7ee7c779c878882c57') in 0.216626 seconds
Number of updated asset objects reloaded before import = 0
Number of asset objects unloaded after import = 40
========================================================================
Received Import Request.
  Time since last request: 0.000025 seconds.
  path: Packages/org.mixedrealitytoolkit.uxcomponents.noncanvas/Toggles/32x32/TogglePressableButton_32x32mm_Switch.prefab
  artifactKey: Guid(a88695280288b5643abe2a6c33bad9cd) Importer(815301076,1909f56bfc062723c751e8b465ee728b)
Start importing Packages/org.mixedrealitytoolkit.uxcomponents.noncanvas/Toggles/32x32/TogglePressableButton_32x32mm_Switch.prefab using Guid(a88695280288b5643abe2a6c33bad9cd) Importer(815301076,1909f56bfc062723c751e8b465ee728b)  -> (artifact id: 'f784a8df0b716a78fe8ecfee9f7dd918') in 0.067198 seconds
Number of updated asset objects reloaded before import = 0
Number of asset objects unloaded after import = 478
========================================================================
Received Import Request.
  Time since last request: 0.668171 seconds.
  path: Packages/org.mixedrealitytoolkit.uxcomponents.noncanvas/Toggles/128x32/TogglePressableButton_128x32mm_Radio_R.prefab
  artifactKey: Guid(0c2281189d73d8c49b0d67b94be37a95) Importer(815301076,1909f56bfc062723c751e8b465ee728b)
Start importing Packages/org.mixedrealitytoolkit.uxcomponents.noncanvas/Toggles/128x32/TogglePressableButton_128x32mm_Radio_R.prefab using Guid(0c2281189d73d8c49b0d67b94be37a95) Importer(815301076,1909f56bfc062723c751e8b465ee728b)  -> (artifact id: '5d17cc1c675a1b844c0a5468068c83ed') in 0.058246 seconds
Number of updated asset objects reloaded before import = 0
Number of asset objects unloaded after import = 356
========================================================================
Received Import Request.
  Time since last request: 0.000027 seconds.
  path: Packages/org.mixedrealitytoolkit.uxcomponents.noncanvas/Toggles/128x32/TogglePressableButton_128x32mm_SquareCheck_L.prefab
  artifactKey: Guid(bfd33c1492ad87d45baa20abdafc1454) Importer(815301076,1909f56bfc062723c751e8b465ee728b)
Start importing Packages/org.mixedrealitytoolkit.uxcomponents.noncanvas/Toggles/128x32/TogglePressableButton_128x32mm_SquareCheck_L.prefab using Guid(bfd33c1492ad87d45baa20abdafc1454) Importer(815301076,1909f56bfc062723c751e8b465ee728b)  -> (artifact id: '46c0feda3bcf13cd9d083841398236f1') in 0.078669 seconds
Number of updated asset objects reloaded before import = 0
Number of asset objects unloaded after import = 445
========================================================================
Received Import Request.
  Time since last request: 0.000049 seconds.
  path: Packages/org.mixedrealitytoolkit.uxcomponents.noncanvas/Toggles/160x32/TogglePressableButton_160x32mm_Radio_L.prefab
  artifactKey: Guid(3e1e99b2fe1097046bd53bf2066727d3) Importer(815301076,1909f56bfc062723c751e8b465ee728b)
Start importing Packages/org.mixedrealitytoolkit.uxcomponents.noncanvas/Toggles/160x32/TogglePressableButton_160x32mm_Radio_L.prefab using Guid(3e1e99b2fe1097046bd53bf2066727d3) Importer(815301076,1909f56bfc062723c751e8b465ee728b)  -> (artifact id: '7c53fb8465cd0539a9d90eceb5a976cd') in 0.077358 seconds
Number of updated asset objects reloaded before import = 0
Number of asset objects unloaded after import = 621
========================================================================
Received Import Request.
  Time since last request: 0.488213 seconds.
  path: Packages/org.mixedrealitytoolkit.uxcomponents.noncanvas/Toggles/160x32/TogglePressableButton_160x32mm_SquareCheck_L.prefab
  artifactKey: Guid(a508d1f64cf0cc5448908128ae1fcf82) Importer(815301076,1909f56bfc062723c751e8b465ee728b)
Start importing Packages/org.mixedrealitytoolkit.uxcomponents.noncanvas/Toggles/160x32/TogglePressableButton_160x32mm_SquareCheck_L.prefab using Guid(a508d1f64cf0cc5448908128ae1fcf82) Importer(815301076,1909f56bfc062723c751e8b465ee728b)  -> (artifact id: '32be64ec2e2bce8833928d93eadeb662') in 0.073744 seconds
Number of updated asset objects reloaded before import = 0
Number of asset objects unloaded after import = 532
========================================================================
Received Import Request.
  Time since last request: 0.011773 seconds.
  path: Packages/org.mixedrealitytoolkit.uxcomponents/Button/Prefabs/UIPanelBackplate_R16.prefab
  artifactKey: Guid(9d54fefbfd15f194cbaf3beeff5f6d10) Importer(815301076,1909f56bfc062723c751e8b465ee728b)
Start importing Packages/org.mixedrealitytoolkit.uxcomponents/Button/Prefabs/UIPanelBackplate_R16.prefab using Guid(9d54fefbfd15f194cbaf3beeff5f6d10) Importer(815301076,1909f56bfc062723c751e8b465ee728b)  -> (artifact id: '338f9b19c5c1684e744e48ebd2fed64c') in 0.003407 seconds
Number of updated asset objects reloaded before import = 0
Number of asset objects unloaded after import = 7
========================================================================
Received Import Request.
  Time since last request: 0.946828 seconds.
  path: Packages/org.mixedrealitytoolkit.uxcomponents/Tests/Runtime/Prefabs/VerticalScrollingTest.prefab
  artifactKey: Guid(fc9628599d466c44aa5453aba06c93ef) Importer(815301076,1909f56bfc062723c751e8b465ee728b)
Start importing Packages/org.mixedrealitytoolkit.uxcomponents/Tests/Runtime/Prefabs/VerticalScrollingTest.prefab using Guid(fc9628599d466c44aa5453aba06c93ef) Importer(815301076,1909f56bfc062723c751e8b465ee728b)  -> (artifact id: 'b8242ae06b59893641a86efeb5d8a9d2') in 0.227242 seconds
Number of updated asset objects reloaded before import = 0
Number of asset objects unloaded after import = 4460
========================================================================
Received Import Request.
  Time since last request: 84.847844 seconds.
  path: Packages/org.mixedrealitytoolkit.extendedassets/Models/Materials/6.mat
  artifactKey: Guid(9db46b2aafe195d4596e1eb7e29e0a0e) Importer(815301076,1909f56bfc062723c751e8b465ee728b)
Start importing Packages/org.mixedrealitytoolkit.extendedassets/Models/Materials/6.mat using Guid(9db46b2aafe195d4596e1eb7e29e0a0e) Importer(815301076,1909f56bfc062723c751e8b465ee728b)  -> (artifact id: '6a887f6eabb8e53d02018ea69a9f6b7a') in 0.093327 seconds
Number of updated asset objects reloaded before import = 0
Number of asset objects unloaded after import = 2
========================================================================
Received Import Request.
  Time since last request: 0.000022 seconds.
  path: Packages/com.microsoft.mrtk.graphicstools.unity/Runtime/Experimental/Acrylic/Materials/AcrylicBlitCopy.mat
  artifactKey: Guid(742d9642b15f6624f987e84abd524bea) Importer(815301076,1909f56bfc062723c751e8b465ee728b)
Start importing Packages/com.microsoft.mrtk.graphicstools.unity/Runtime/Experimental/Acrylic/Materials/AcrylicBlitCopy.mat using Guid(742d9642b15f6624f987e84abd524bea) Importer(815301076,1909f56bfc062723c751e8b465ee728b)  -> (artifact id: '3e558140aa76ef10ad3d069e72e34269') in 0.014590 seconds
Number of updated asset objects reloaded before import = 0
Number of asset objects unloaded after import = 1
========================================================================
Received Import Request.
  Time since last request: 0.000024 seconds.
  path: Packages/org.mixedrealitytoolkit.extendedassets/Models/Materials/8.mat
  artifactKey: Guid(c3e54393dc85829478f6be234486226f) Importer(815301076,1909f56bfc062723c751e8b465ee728b)
Start importing Packages/org.mixedrealitytoolkit.extendedassets/Models/Materials/8.mat using Guid(c3e54393dc85829478f6be234486226f) Importer(815301076,1909f56bfc062723c751e8b465ee728b)  -> (artifact id: 'b100057edfde297b07ff735247aeb6cc') in 0.018360 seconds
Number of updated asset objects reloaded before import = 0
Number of asset objects unloaded after import = 2
========================================================================
Received Import Request.
  Time since last request: 0.000016 seconds.
  path: Packages/org.mixedrealitytoolkit.extendedassets/Models/Materials/10.mat
  artifactKey: Guid(138e55b367631c94bbf69e76b0aadd20) Importer(815301076,1909f56bfc062723c751e8b465ee728b)
Start importing Packages/org.mixedrealitytoolkit.extendedassets/Models/Materials/10.mat using Guid(138e55b367631c94bbf69e76b0aadd20) Importer(815301076,1909f56bfc062723c751e8b465ee728b)  -> (artifact id: '2e3bedef1ffc53039c8db3f7b641347f') in 0.015428 seconds
Number of updated asset objects reloaded before import = 0
Number of asset objects unloaded after import = 2
========================================================================
Received Import Request.
  Time since last request: 0.000015 seconds.
  path: Packages/org.mixedrealitytoolkit.standardassets/Materials/Contacts/BackPlate_green1_24x24_circle.mat
  artifactKey: Guid(2c887421aa3f0d6469eeca98be6ac647) Importer(815301076,1909f56bfc062723c751e8b465ee728b)
Start importing Packages/org.mixedrealitytoolkit.standardassets/Materials/Contacts/BackPlate_green1_24x24_circle.mat using Guid(2c887421aa3f0d6469eeca98be6ac647) Importer(815301076,1909f56bfc062723c751e8b465ee728b)  -> (artifact id: '3028274b2675815876becb575e587d7b') in 0.068250 seconds
Number of updated asset objects reloaded before import = 0
Number of asset objects unloaded after import = 1
========================================================================
Received Import Request.
  Time since last request: 0.000020 seconds.
  path: Packages/com.microsoft.mrtk.graphicstools.unity/Runtime/Experimental/Acrylic/Materials/AcrylicDualBlur.mat
  artifactKey: Guid(50dc523b24a2cfc409af7babd1bddb04) Importer(815301076,1909f56bfc062723c751e8b465ee728b)
Start importing Packages/com.microsoft.mrtk.graphicstools.unity/Runtime/Experimental/Acrylic/Materials/AcrylicDualBlur.mat using Guid(50dc523b24a2cfc409af7babd1bddb04) Importer(815301076,1909f56bfc062723c751e8b465ee728b)  -> (artifact id: 'a7baef13652608a059a6f5086868c3d1') in 0.011764 seconds
Number of updated asset objects reloaded before import = 0
Number of asset objects unloaded after import = 2
========================================================================
Received Import Request.
  Time since last request: 0.000026 seconds.
  path: Packages/org.mixedrealitytoolkit.extendedassets/Models/Materials/7.mat
  artifactKey: Guid(15bea05ae1c74194fa218e0d4a8a1b25) Importer(815301076,1909f56bfc062723c751e8b465ee728b)
Start importing Packages/org.mixedrealitytoolkit.extendedassets/Models/Materials/7.mat using Guid(15bea05ae1c74194fa218e0d4a8a1b25) Importer(815301076,1909f56bfc062723c751e8b465ee728b)  -> (artifact id: 'e0a702aa8976146e56df6d1ff5328b05') in 0.016754 seconds
Number of updated asset objects reloaded before import = 0
Number of asset objects unloaded after import = 2
========================================================================
Received Import Request.
  Time since last request: 0.000018 seconds.
  path: Packages/com.microsoft.mrtk.graphicstools.unity/Runtime/Experimental/Acrylic/Materials/AcrylicKawaseBlur.mat
  artifactKey: Guid(c640b4daee68a054f8c9ff460546a1b5) Importer(815301076,1909f56bfc062723c751e8b465ee728b)
Start importing Packages/com.microsoft.mrtk.graphicstools.unity/Runtime/Experimental/Acrylic/Materials/AcrylicKawaseBlur.mat using Guid(c640b4daee68a054f8c9ff460546a1b5) Importer(815301076,1909f56bfc062723c751e8b465ee728b)  -> (artifact id: '6ef70ea37fbbfa0861a73914f8beb794') in 0.007154 seconds
Number of updated asset objects reloaded before import = 0
Number of asset objects unloaded after import = 2
========================================================================
Received Import Request.
  Time since last request: 0.000016 seconds.
  path: Packages/org.mixedrealitytoolkit.standardassets/Materials/Contacts/BackPlate_blue1_24x24_circle.mat
  artifactKey: Guid(8a4c7613519d30a40b810ca48f3bb9e2) Importer(815301076,1909f56bfc062723c751e8b465ee728b)
Start importing Packages/org.mixedrealitytoolkit.standardassets/Materials/Contacts/BackPlate_blue1_24x24_circle.mat using Guid(8a4c7613519d30a40b810ca48f3bb9e2) Importer(815301076,1909f56bfc062723c751e8b465ee728b)  -> (artifact id: 'd19b94da841daac6a5add21f4958be30') in 0.017521 seconds
Number of updated asset objects reloaded before import = 0
Number of asset objects unloaded after import = 1
========================================================================
Received Import Request.
  Time since last request: 4.796031 seconds.
  path: Packages/org.mixedrealitytoolkit.standardassets/Materials/CompressedButtonMaterial/MRTK_Backplate_02mm_Gradient.mat
  artifactKey: Guid(16803c29511f08643991354343a84538) Importer(815301076,1909f56bfc062723c751e8b465ee728b)
Start importing Packages/org.mixedrealitytoolkit.standardassets/Materials/CompressedButtonMaterial/MRTK_Backplate_02mm_Gradient.mat using Guid(16803c29511f08643991354343a84538) Importer(815301076,1909f56bfc062723c751e8b465ee728b)  -> (artifact id: '67370ec8bd377e819106c32cf5ff72f3') in 0.012343 seconds
Number of updated asset objects reloaded before import = 0
Number of asset objects unloaded after import = 2
========================================================================
Received Import Request.
  Time since last request: 0.000020 seconds.
  path: Packages/org.mixedrealitytoolkit.standardassets/Materials/CompressedButtonMaterial/MRTK_Backplate_13mm_Gradient.mat
  artifactKey: Guid(f32fb793f8a4656469db1040ccf2cffb) Importer(815301076,1909f56bfc062723c751e8b465ee728b)
Start importing Packages/org.mixedrealitytoolkit.standardassets/Materials/CompressedButtonMaterial/MRTK_Backplate_13mm_Gradient.mat using Guid(f32fb793f8a4656469db1040ccf2cffb) Importer(815301076,1909f56bfc062723c751e8b465ee728b)  -> (artifact id: '0f2a87294699817a0498eb47ca7c3044') in 0.021364 seconds
Number of updated asset objects reloaded before import = 0
Number of asset objects unloaded after import = 2
========================================================================
Received Import Request.
  Time since last request: 0.000020 seconds.
  path: Packages/org.mixedrealitytoolkit.standardassets/Materials/CompressedButtonMaterial/MRTK_Backplate_12mm_Gradient.mat
  artifactKey: Guid(337c6305e0165274582902976fb0141c) Importer(815301076,1909f56bfc062723c751e8b465ee728b)
Start importing Packages/org.mixedrealitytoolkit.standardassets/Materials/CompressedButtonMaterial/MRTK_Backplate_12mm_Gradient.mat using Guid(337c6305e0165274582902976fb0141c) Importer(815301076,1909f56bfc062723c751e8b465ee728b)  -> (artifact id: '7679d7137a7336c89bc02bacc71f1a40') in 0.014207 seconds
Number of updated asset objects reloaded before import = 0
Number of asset objects unloaded after import = 2
========================================================================
Received Import Request.
  Time since last request: 0.000017 seconds.
  path: Packages/org.mixedrealitytoolkit.standardassets/Materials/CompressedButtonMaterial/MRTK_Backplate_12mm_Gradient_NoOutline.mat
  artifactKey: Guid(a157027d507182d4a995837592addda3) Importer(815301076,1909f56bfc062723c751e8b465ee728b)
Start importing Packages/org.mixedrealitytoolkit.standardassets/Materials/CompressedButtonMaterial/MRTK_Backplate_12mm_Gradient_NoOutline.mat using Guid(a157027d507182d4a995837592addda3) Importer(815301076,1909f56bfc062723c751e8b465ee728b)  -> (artifact id: '6faf9965c2278b09146eed0625253a5b') in 0.070563 seconds
Number of updated asset objects reloaded before import = 0
Number of asset objects unloaded after import = 2
========================================================================
Received Import Request.
  Time since last request: 0.000024 seconds.
  path: Packages/org.mixedrealitytoolkit.standardassets/Materials/CompressedButtonMaterial/MRTK_Backplate_12mm_Gradient_Stencil.mat
  artifactKey: Guid(5e4c0f7f29d15fb45be67cdec23d865a) Importer(815301076,1909f56bfc062723c751e8b465ee728b)
Start importing Packages/org.mixedrealitytoolkit.standardassets/Materials/CompressedButtonMaterial/MRTK_Backplate_12mm_Gradient_Stencil.mat using Guid(5e4c0f7f29d15fb45be67cdec23d865a) Importer(815301076,1909f56bfc062723c751e8b465ee728b)  -> (artifact id: '4abf9aa088ddbfad5d77243eca88193c') in 0.014023 seconds
Number of updated asset objects reloaded before import = 0
Number of asset objects unloaded after import = 2
========================================================================
Received Import Request.
  Time since last request: 36.001927 seconds.
  path: Packages/org.mixedrealitytoolkit.standardassets/Materials/Backplate/CanvasBackplate.mat
  artifactKey: Guid(65972ebbfd5c529479f9c30fd3ec3f6a) Importer(815301076,1909f56bfc062723c751e8b465ee728b)
Start importing Packages/org.mixedrealitytoolkit.standardassets/Materials/Backplate/CanvasBackplate.mat using Guid(65972ebbfd5c529479f9c30fd3ec3f6a) Importer(815301076,1909f56bfc062723c751e8b465ee728b)  -> (artifact id: 'c60bb75d5c087e2a745142c46a179907') in 0.128219 seconds
Number of updated asset objects reloaded before import = 0
Number of asset objects unloaded after import = 2
========================================================================
Received Import Request.
  Time since last request: 0.000027 seconds.
  path: Packages/org.mixedrealitytoolkit.standardassets/Materials/CompressedButtonMaterial/CanvasFrontplate.mat
  artifactKey: Guid(5d17c28a5cd12804699959db56fa7928) Importer(815301076,1909f56bfc062723c751e8b465ee728b)
Start importing Packages/org.mixedrealitytoolkit.standardassets/Materials/CompressedButtonMaterial/CanvasFrontplate.mat using Guid(5d17c28a5cd12804699959db56fa7928) Importer(815301076,1909f56bfc062723c751e8b465ee728b)  -> (artifact id: '3a50fa07668e1d1c1cc7e90a54f205d4') in 0.141286 seconds
Number of updated asset objects reloaded before import = 0
Number of asset objects unloaded after import = 2
========================================================================
Received Import Request.
  Time since last request: 0.000026 seconds.
  path: Packages/com.microsoft.mrtk.graphicstools.unity/Runtime/Materials/CanvasRadialSpinner.mat
  artifactKey: Guid(ff2d9166693432643b7660b95821879f) Importer(815301076,1909f56bfc062723c751e8b465ee728b)
Start importing Packages/com.microsoft.mrtk.graphicstools.unity/Runtime/Materials/CanvasRadialSpinner.mat using Guid(ff2d9166693432643b7660b95821879f) Importer(815301076,1909f56bfc062723c751e8b465ee728b)  -> (artifact id: 'e7e9c5db9044645c76ce15402f387fab') in 0.090997 seconds
Number of updated asset objects reloaded before import = 0
Number of asset objects unloaded after import = 1
========================================================================
Received Import Request.
  Time since last request: 0.802304 seconds.
  path: Packages/org.mixedrealitytoolkit.standardassets/Materials/CompressedButtonMaterial/ToggleIndicator.mat
  artifactKey: Guid(b332d87877c99c84fadd6f1cba5c861b) Importer(815301076,1909f56bfc062723c751e8b465ee728b)
Start importing Packages/org.mixedrealitytoolkit.standardassets/Materials/CompressedButtonMaterial/ToggleIndicator.mat using Guid(b332d87877c99c84fadd6f1cba5c861b) Importer(815301076,1909f56bfc062723c751e8b465ee728b)  -> (artifact id: 'e66aeca6302d8b71823fb2976dc087af') in 0.063268 seconds
Number of updated asset objects reloaded before import = 0
Number of asset objects unloaded after import = 1
========================================================================
Received Import Request.
  Time since last request: 13.439523 seconds.
  path: Packages/org.mixedrealitytoolkit.standardassets/Materials/BackPlate_Holographic_White_94x126.mat
  artifactKey: Guid(78502d93c8384cf4ea551dafaaa632b9) Importer(815301076,1909f56bfc062723c751e8b465ee728b)
Start importing Packages/org.mixedrealitytoolkit.standardassets/Materials/BackPlate_Holographic_White_94x126.mat using Guid(78502d93c8384cf4ea551dafaaa632b9) Importer(815301076,1909f56bfc062723c751e8b465ee728b)  -> (artifact id: 'a7b82826fe2c8a22783ad558450f17c4') in 0.013036 seconds
Number of updated asset objects reloaded before import = 0
Number of asset objects unloaded after import = 1
========================================================================
Received Import Request.
  Time since last request: 0.000020 seconds.
  path: Packages/org.mixedrealitytoolkit.standardassets/Materials/Contacts/BackPlate_Image_24x24_circle.mat
  artifactKey: Guid(c902514d5f274f24f9f2c93b7b707d55) Importer(815301076,1909f56bfc062723c751e8b465ee728b)
Start importing Packages/org.mixedrealitytoolkit.standardassets/Materials/Contacts/BackPlate_Image_24x24_circle.mat using Guid(c902514d5f274f24f9f2c93b7b707d55) Importer(815301076,1909f56bfc062723c751e8b465ee728b)  -> (artifact id: 'b1095fba69d98e2c25332b5679e54261') in 0.013986 seconds
Number of updated asset objects reloaded before import = 0
Number of asset objects unloaded after import = 2
========================================================================
Received Import Request.
  Time since last request: 0.641937 seconds.
  path: Packages/org.mixedrealitytoolkit.extendedassets/Materials/HolographicButtonContentCage.mat
  artifactKey: Guid(40c39d86938074a45810ba655316950f) Importer(815301076,1909f56bfc062723c751e8b465ee728b)
Start importing Packages/org.mixedrealitytoolkit.extendedassets/Materials/HolographicButtonContentCage.mat using Guid(40c39d86938074a45810ba655316950f) Importer(815301076,1909f56bfc062723c751e8b465ee728b)  -> (artifact id: '4e636b373231d320ac43a7297d9d3391') in 0.052922 seconds
Number of updated asset objects reloaded before import = 0
Number of asset objects unloaded after import = 1
========================================================================
Received Import Request.
  Time since last request: 0.000020 seconds.
  path: Packages/org.mixedrealitytoolkit.standardassets/Materials/MRTK_Standard_Charcoal.mat
  artifactKey: Guid(987f7ade5b34fb74dbefd305bbbf85cf) Importer(815301076,1909f56bfc062723c751e8b465ee728b)
Start importing Packages/org.mixedrealitytoolkit.standardassets/Materials/MRTK_Standard_Charcoal.mat using Guid(987f7ade5b34fb74dbefd305bbbf85cf) Importer(815301076,1909f56bfc062723c751e8b465ee728b)  -> (artifact id: '8c1918972a5d86781065598376d59761') in 0.014680 seconds
Number of updated asset objects reloaded before import = 0
Number of asset objects unloaded after import = 1
Editor requested this worker to shutdown with reason: Scaling down because of idle timeout
TcpMessagingSession - receive error: operation aborted. errorcode: 995, details: The I/O operation has been aborted because of either a thread exit or an application request.
AssetImportWorker is now disconnected from the server
Process exiting
Exiting without the bug reporter. Application will terminate with return code 0